
   OpenMP run-time library returned nthreads = 20

 rdgrad (r02c35.bullx) : TURBOMOLE rev. V7-7 compiled 19 Oct 2022 at 02:10:57
 Copyright (C) 2022 TURBOMOLE GmbH, Karlsruhe


    2025-02-21 12:07:07.047 



                                 r d g r a d

                          gradient for ridft program 

                        by K.Eichkorn, O.Treutler, H.Oehm, 
                             M.Haeser and R.Ahlrichs
                  (Chemical Physics Letters 242 (1995) 652-660)
                    parallel version: M.v.Arnim  &  R.Ahlrichs
                            quantum chemistry group
                             university  karlsruhe
                                   germany




                          References             
                                                 
          Density Functional:                              
              O. Treutler and R. Ahlrichs                      
              Efficient Molecular Numerical Integration Schemes
              J. Chem. Phys. 102: 346 (1995)                   
          Parallel Version:                                
              Performance of parallel TURBOMOLE for Density    
              Functional Calculations                          
              M. v. Arnim and R. Ahlrichs                      
              J. Comp. Chem. 19: 1746 (1998)                   
          RI-J Method:                                     
              Auxiliary Basis Sets to approximate Coulomb      
              Potentials                                       
              Chem. Phys. Lett. 240: 283 (1995)                
              K. Eichkorn, O. Treutler, H. Oehm, M. Haeser     
              and R. Ahlrichs                                  
              Chem. Phys. Lett. 242: 652 (1995)                
                                                           
              Auxiliary Basis Sets for Main Row Atoms and their
              Use to approximate Coulomb Potentials            
              K. Eichkorn, F. Weigend, O. Treutler and         
              R. Ahlrichs                                      
              Theo. Chem. Acc. 97: 119 (1997)                  
          Relativistic Two-component ECP formalism             
              Efficient two-component self-consistent field    
              procedures and gradients: implementation in      
              TURBOMOLE and application to Au20-               
              A. Baldes and F. Weigend                         
              Mol. Phys. 111: 2617 (2013)                      
          Relativistic all-electron 2c calculations (X2C, DLU) 
              Efficient implementation of one- and two-component
              analytical energy gradients in exact two-component
              theory                                           
              Y. J. Franzke, N. Middendorf and F. Weigend      
              J. Chem. Phys. 148: 104110 (2018)                
          Exploitation of symmetry in scalar X2C response      
              NMR shielding tensors and chemical shifts in     
              scalar-relativistic local exact two-component    
              theory                                           
              Y. J. Franzke and F. Weigend                     
              J. Chem. Theory Comput. 15: 1028 (2019)          
                                                              





          OpenMP Shared-Memory Parallelization: 20 CPUs.

            By: Yannick J. Franzke and Christof Holzer
 

 integral neglect threshold       :  0.31E-12
 integral storage threshold THIZE :  0.10E-04
 integral storage threshold THIME :         5

 PBE0 hybrid functional
 exchange:    3/4 (LDA+PBE) + 1/4 HF
 correlation: LDA (PW) + PBE
 A Hybrid-DFT gradient calculation
  using seminumeric exchange will be carried out.
  
  
 AUXILIARY BASIS SET information:

 symmetry group of the molecule :   c1 

 the group has the following generators :
   c1(z)

    1 symmetry operations found

 there are 1 real representations :   a   

 maximum number of shells which are related by symmetry :  1


    mo occupation :
   irrep   mo's   occupied
    a     1020      180
 
 number of basis functions   :  1020
 number of occupied orbitals :   180
 

 number of off-diagonal lagrangians expected :  0

 biggest AO integral is expected to be     3.525917999
  
           ------------------
           seminumerical grid
           ------------------
 iterations will be done with small grid
  
 spherical integration : Lebedev's spherical grid
 spherical gridsize    :                     3
    i.e. gridpoints    :                   302
  maximum batchsize    :                   100
 value for diffuse not defined
 radial integration    : Chebyshev 2nd kind (scaling 3)
 radial gridsize       :                     3
 integration cells     :                    60
 partition function    : becke
 partition sharpness   :                     3
  
  
           ------------------
           density functional
           ------------------
 PBE0 hybrid functional
 exchange:    3/4 (LDA+PBE) + 1/4 HF
 correlation: LDA (PW) + PBE
 spherical integration : Lebedev's spherical grid
 spherical gridsize    :                     4
    i.e. gridpoints    :                   434
  maximum batchsize    :                   100
 value for diffuse not defined
 radial integration    : Chebyshev 2nd kind (scaling 3)
 radial gridsize       :                     6
 integration cells     :                    60
 partition function    : becke
 partition sharpness   :                     3
  
 grids with increased radial size are used

 Using current-dependent DFT

  
           ------------------------
             RDGRAD - INFORMATION
           ------------------------
  

 -------------------------------------------------
 ------     SEMINUMERICAL CALCULATION       ------
 ------     using the semiJK algorithm      ------
 -------------------------------------------------

 using tight bounds in seminumeric procedure
 using tight integral bounds for s-junctions
 using tight integral bounds for p-junctions
 threshold for f-junctions:   0.100000000000E-12
 threshold for k-junctions:   0.100000000000E-09
 threshold for near field :   0.100000000000E-04
 max. BF   for near field :        0
 using cholesky decomposed overlap metric in seminumeric procedure
 Threshold for integral neglect (rithr1): 1E-10
 Threshold for integral neglect (rithr2): 1E-10
 Contributions to RI integral batches: 
  neglected integral batches:                 30586
  direct contribution:                        57824
     
 
    +---------------- Multipole Accelerated RI-J ---------------+
    -------------------------------------------------------------
      Number of bins for density partition        :  8
      Maximum multipole moment used               : 14
      Multipole precision parameter               :  1.0000E-08
      Threshold for moment summation              :  1.0000E-24
      Minimum separation between boxes            :  0.0000E+00
      Maximum allowed extent                      :  2.0000E+01
    +-----------------------------------------------------------+
 
 Extensions and centers of shell-pairs:
  number of shells with a single center:    51344
  number of shells with double centers:      6480
 ****************************************
 Memory allocated for RDGRAD: 80 MiB
 ****************************************
                                            
     

 nuclear repulsion energy  :   8382.12815807    

  MOs are in ASCII format !


 reading orbital data $scfmo  from file mos
 orbital characterization : scfconv=8
  Deviation of MOs from orthonormality   5.313527395855999E-013

    ----------------------------------------
     S+T+V CONTRIBUTIONS TO ENERGY GRADIENT 
    ----------------------------------------

 1e-integral 1st. derivatives will be neglected if expon. factor < 0.619924E-15


 setting up bound for integral derivative estimation

 increment for numerical differentiation : 0.00050000

 biggest AO integral is expected to be     3.525917999
 biggest cartesian 1st derivative AO integral is expected to be     6.296440209

     number of neglected shell pairs due to bound  :      25278
 percentage of neglected shell pairs due to bounds :         28 %

          Overall gridpoints after grid construction =        339217
          Overall gridpoints after grid construction =        661479

 Integrated ground state density     :   359.9992976294336    


          ------------------------------------------------
           cartesian gradient of the energy (hartree/bohr)
          ------------------------------------------------

  ATOM      1 c           2 c           3 c           4 c           5 c 
dE/dx -0.1896336D-01  0.4252603D-01 -0.3914563D-01 -0.3452238D-01  0.4216480D-02
dE/dy  0.4844252D-01 -0.5328718D-01  0.1283357D-01 -0.1827497D-01  0.1436193D-01
dE/dz  0.1090243D-01 -0.1326246D-01 -0.2439617D-01 -0.3138006D-01  0.9707289D-02

  ATOM      6 c           7 c           8 c           9 c          10 c 
dE/dx  0.6138644D-01 -0.1224370D-01  0.2062573D-01  0.2163758D-01 -0.2610570D-01
dE/dy  0.8565138D-01  0.2778637D-01  0.2275010D-01 -0.3699154D-01  0.1465071D-01
dE/dz  0.3181744D-01 -0.4965038D-01  0.1433309D-01  0.3459771D-01 -0.5899473D-01

  ATOM     11 c          12 c          13 c          14 c          15 c 
dE/dx  0.2327665D-02 -0.2430809D-01 -0.1675840D-01  0.2049590D-01  0.4067979D-01
dE/dy -0.1731737D-02  0.2385427D-01  0.1052772D-01  0.2951464D-01 -0.4426970D-01
dE/dz -0.6262826D-01  0.9518550D-02  0.1411897D-01  0.3021940D-02  0.4473060D-01

  ATOM     16 c          17 c          18 c          19 c          20 c 
dE/dx -0.1528206D-01  0.2253317D-02 -0.6064915D-02 -0.1586246D-01  0.2110516D-01
dE/dy  0.2601276D-01 -0.2843407D-01  0.1320973D-01 -0.3223083D-01  0.3189999D-02
dE/dz -0.3093728D-01 -0.2154369D-01  0.3794180D-01 -0.1934141D-01  0.3298881D-01

  ATOM     21 c          22 c          23 c          24 c          25 c 
dE/dx -0.7867553D-02  0.1839146D-01 -0.4485752D-01  0.1955423D-01 -0.6870013D-02
dE/dy -0.1517099D-01  0.2149717D-01  0.2602580D-01 -0.2611622D-01 -0.1344799D-01
dE/dz -0.5755881D-01 -0.2401910D-01  0.3539792D-02 -0.1365456D-04  0.1407431D-01

  ATOM     26 c          27 c          28 c          29 c          30 c 
dE/dx -0.2409962D-01 -0.2111078D-01  0.1793336D-01 -0.2301635D-01  0.1760489D-01
dE/dy  0.3990336D-01 -0.4899819D-02 -0.2299887D-01  0.2955876D-01 -0.2421481D-01
dE/dz -0.1117768D-01  0.4323119D-02  0.2146503D-01 -0.1834252D-02  0.2236940D-01

  ATOM     31 c          32 c          33 c          34 c          35 c 
dE/dx -0.1832547D-01  0.6564225D-01 -0.2798124D-01 -0.1687011D-01  0.1106889D-01
dE/dy  0.8097033D-02  0.3550691D-01 -0.4501456D-01 -0.1428507D-01 -0.4217647D-01
dE/dz -0.1200098D-01 -0.2192539D-01  0.1603651D-01  0.4583309D-01  0.5754719D-04

  ATOM     36 c          37 c          38 c          39 c          40 c 
dE/dx  0.1384445D-01 -0.2006835D-01  0.1501364D-01  0.2550844D-01  0.4807024D-02
dE/dy  0.4768580D-02 -0.1579869D-01 -0.2215480D-01  0.2642711D-02 -0.1008930D-01
dE/dz  0.3306016D-01  0.1614294D-01  0.7464344D-02 -0.2517479D-01 -0.1777341D-01

  ATOM     41 c          42 c          43 c          44 c          45 c 
dE/dx -0.9853071D-02  0.3025709D-01 -0.5253792D-01  0.4595014D-02  0.3272276D-01
dE/dy  0.5460032D-01 -0.4489259D-01  0.2483101D-01 -0.8703227D-02 -0.1963619D-01
dE/dz -0.2127512D-01  0.6253404D-01 -0.1666556D-01  0.1980747D-01 -0.2532294D-01

  ATOM     46 c          47 c          48 c          49 c          50 c 
dE/dx -0.2516844D-02 -0.2781531D-02 -0.7187677D-02  0.2013537D-02  0.3497073D-01
dE/dy -0.1957924D-01 -0.3273811D-01  0.3960797D-01 -0.1827566D-01  0.8209561D-02
dE/dz -0.2327599D-02  0.1833813D-01 -0.1177091D-02  0.4405838D-03  0.2124928D-01

  ATOM     51 c          52 c          53 c          54 c          55 c 
dE/dx -0.1003074D-01 -0.9068750D-02  0.6955857D-02  0.2895285D-02 -0.5805077D-03
dE/dy -0.3811141D-01  0.6180938D-01 -0.3330333D-02 -0.2412140D-01  0.1698940D-01
dE/dz  0.1643863D-01  0.1000236D-01  0.2695806D-01 -0.3963240D-01  0.2199383D-01

  ATOM     56 c          57 c          58 c          59 c          60 c 
dE/dx  0.3187120D-01  0.1340244D-01 -0.3451142D-01  0.2143884D-01 -0.7828509D-01
dE/dy -0.4455609D-01  0.4683444D-01 -0.3633885D-01  0.6451368D-01 -0.5618666D-01
dE/dz -0.1739943D-01 -0.1200396D-02 -0.3530890D-01  0.2396743D-01 -0.5939415D-02
 
 resulting FORCE  (fx,fy,fz) = (0.682D-04,0.124D-03,-.866D-04)
 resulting MOMENT (mx,my,mz) = (-.525D-02,0.384D-02,0.113D-02)


 exx =      -0.653010 eyy =       0.116386 ezz =      -0.161980
 eyz =       0.245817 exz =      -0.026400 exy =      -0.246987


 **********************************************************************
  |maximum component of gradient| : 0.85651383E-01  (atom  6 c )       
   gradient norm                  : 0.38484312    
 **********************************************************************

 <getgrd> : data group $grad  is missing 

   ***  cartesian gradients written onto <gradient>  ***


     --- calculation of the energy gradient finished ---



    ------------------------------------------------------------------------
         total  cpu-time : 39 minutes and 54 seconds
         total wall-time :  2 minutes and  4 seconds
    ------------------------------------------------------------------------

   ****  rdgrad : all done  ****


    2025-02-21 12:09:09.968 

