
   OpenMP run-time library returned nthreads = 10

 mpshift (r06c36.bullx) : TURBOMOLE rev. V7-7 compiled 26 Oct 2022 at 08:57:28
 Copyright (C) 2022 TURBOMOLE GmbH, Karlsruhe


    2025-01-08 14:46:21.089 




                                mpshift

                             TURBOMOLE GmbH


          integral direct evaluation of NMR shielding tensors



          OpenMP Shared-Memory Parallelization: 10 CPUs.

            By: K. Reiter, F. Mack, Y. J. Franzke, and F. Weigend


                                                          
                                 References:                     
                                                                 
          DIRECT RHF NMR CHEMICAL SHIFTS                         
              M.Haser, R.Ahlrichs, H.P.Baron, P.Weis, H.Horn     
              Direct computation of second-order SCF properties  
              of large molecules on workstation computers with an
              application to large carbon clusters               
              Theor. Chim. Acta 83, 455 (1992).                  
          DIRECT MP2 NMR CHEMICAL SHIFTS                         
              M.Kollwitz, J.Gauss                                
              A direct implementation of the GIAO-MBPT(2) method 
              for calculating NMR chemical shifts. Application to
              the naphthalenium and anthracenium ions            
              Chem. Phys. Lett. 260, 639 (1996).                 
          SYMMETRY FOR DIRECT MP2 NMR CHEMICAL SHIFTS            
              M.Kollwitz, M.Haser, J.Gauss                       
              Non-Abelian point group symmetry in direct second- 
              order many-body perturbation theory calculations of
              NMR chemical shifts                                
              J. Chem. Phys. 108, 8295 (1998).                   
          DIRECT DFT NMR CHEMICAL SHIFTS                         
              U. Huniar                                          
              Berechnung der chemischen Verschiebung der NMR mit 
              Methoden der Dichtefunktionaltheorie (DFT)         
              Diploma Thesis, University of Karlsruhe (1999).    
          VIBRATIONAL CIRCULAR DICHROISM AND EXTENSION TO ECPS   
              K. Reiter, M. Kuehn, F. Weigend                    
              Vibrational circular dichroism spectra for large   
              molecules and molecules with heavy elements        
              J. Chem. Phys. 146, 054102 (2017).                 
          (MA)RI-J APPROXIMATION, META-GGAS AND OPENMP VERSION   
              K. Reiter, F. Mack, F. Weigend                     
              Calculation of magnetic shielding constants with   
              meta-GGA functionals employing the multipole-      
              accelerated resolution of the identity:            
              Implementation and assessment of accuracy and      
              efficiency                                         
              J. Chem. Theory Comput. 14, 191 (2018).            
          SCALAR-RELATIVISTIC (LOCAL) EXACT TWO-COMPONENT (X2C)  
              Y. J. Franzke, F. Weigend                          
              NMR shielding tensors and chemical shifts in scalar
              -relativistic local exact two-component theory     
              J. Chem. Theory Comput. 15, 1028 (2019).           
          NON-RELATIVISTIC AND SCALAR-RELATIVISTIC PNMR          
              S. Gillhuber, Y. J. Franzke, F. Weigend            
              Paramagnetic NMR Shielding Tensors and Ring        
              Currents: Efficient Implementation and Application 
              to Heavy Element Compounds                         
              J. Phys. Chem. A 125, 9707 (2021).                 
          SPIN-ORBIT EFFECTS FOR PNMR                            
              F. Bruder, Y. J. Franzke, F. Weigend               
              Paramagnetic NMR Shielding Tensors Based on Scalar 
              Exact Two-Component and Spin-Orbit Perturbation    
              Theory                                             
              J. Phys. Chem. A  126, 5050 (2022).                
          RELATIVISTIC HYPERFINE COUPLING CONSTANT               
              Y. J. Franzke, J. M. Yu                            
              Hyperfine Coupling Constant in Local Exact         
              Two-Component Theory                               
              J. Chem. Theory Comput. 18, 323 (2022).            
          RELATIVISTIC EPR g-TENSOR                              
              Y. J. Franzke, J. M. Yu                            
              Quasi-Relativistic Calculation of EPR g Tensors    
              with Derivatives of the Decoupling Transformation, 
              Gauge-Including Atoms Orbitals, and Magnetic       
              Balance                                            
              J. Chem. Theory Comput. 18, 2246 (2022).           
          CURRENT DENSITY IN DFT FOR PNMR AND EPR                
              Y. J. Franzke, C. Holzer                           
              Impact of the current density on paramagnetic NMR  
              properties                                         
              J. Chem. Phys. 157, 031102 (2022).                 
                                                                 


              +--------------------------------------------------+
              | Atomic coordinate, charge and isotop information |
              +--------------------------------------------------+

                    atomic coordinates            atom    charge  isotop
         25.86066002   22.48466101   29.79805833    c      6.000     0
         23.68047052   23.86231296   30.24456953    c      6.000     0
         21.42176333   22.37920015   29.70192596    c      6.000     0
         22.28355856   19.93048038   28.91886730    c      6.000     0
         25.03063015   19.96657804   29.00781565    c      6.000     0
         17.99820350   26.58883703   25.83522264    c      6.000     0
         17.15655794   24.02861294   24.82063507    c      6.000     0
         18.11944748   22.15847701   26.67578537    c      6.000     0
         19.29151736   23.40948655   28.75530115    c      6.000     0
         19.26462714   26.12339896   28.05806296    c      6.000     0
         18.84218512   19.03662770   23.15467094    c      6.000     0
         21.04051050   17.59230632   22.74656204    c      6.000     0
         22.40038465   17.31218936   25.13494095    c      6.000     0
         21.11769933   18.72670029   27.00108020    c      6.000     0
         18.89549286   19.68855628   25.96168748    c      6.000     0
         26.34188057   17.64567097   22.81506569    c      6.000     0
         28.65878429   18.97049983   23.32527905    c      6.000     0
         28.54747243   19.70720274   26.08741266    c      6.000     0
         26.33543039   18.52486552   27.19066633    c      6.000     0
         25.03725863   17.24763015   25.23266912    c      6.000     0
         30.01472018   23.92924689   24.72225710    c      6.000     0
         29.24957472   26.48117461   25.59474254    c      6.000     0
         27.79064345   26.18750083   27.95746821    c      6.000     0
         27.99506794   23.50661930   28.66338833    c      6.000     0
         29.30018213   22.12012662   26.73248711    c      6.000     0
         24.82684076   29.59858862   26.71894411    c      6.000     0
         22.11526967   29.41532564   26.77714899    c      6.000     0
         21.38051677   27.54404560   28.65836460    c      6.000     0
         23.57703558   26.50483789   29.77813748    c      6.000     0
         25.76732185   27.66486027   28.61604137    c      6.000     0
         22.18078116   30.07007929   22.06554424    c      6.000     0
         20.95211056   28.68710989   20.10178747    c      6.000     0
         18.70237561   27.41589540   21.38112654    c      6.000     0
         18.67687511   28.20322110   24.02869804    c      6.000     0
         20.94182949   29.52349645   24.44227084    c      6.000     0
         18.04055334   25.05495244   20.63231064    c      6.000     0
         19.25586560   23.71806907   18.60211802    c      6.000     0
         19.34412529   21.06051238   19.14060406    c      6.000     0
         18.05230851   20.78416985   21.44464426    c      6.000     0
         17.16272183   23.22740819   22.34102570    c      6.000     0
         21.46876707   19.67833504   18.66674697    c      6.000     0
         23.67768534   20.77927580   17.75645749    c      6.000     0
         25.79813011   19.67668412   18.79106015    c      6.000     0
         25.05039277   17.76037225   20.57497922    c      6.000     0
         22.35216250   17.68234177   20.43678355    c      6.000     0
         28.00506757   21.02005034   19.22866082    c      6.000     0
         27.82918007   23.68576451   18.64821044    c      6.000     0
         29.17045729   25.18552775   20.47955620    c      6.000     0
         30.18077737   23.28946054   22.25422618    c      6.000     0
         29.52621649   20.75056481   21.55570904    c      6.000     0
         28.22623311   27.45472163   21.32127793    c      6.000     0
         26.16676237   28.82948490   20.07731590    c      6.000     0
         24.79989920   30.03613593   22.11064758    c      6.000     0
         26.12055133   29.67465431   24.39392945    c      6.000     0
         28.37231818   28.25349524   23.93450846    c      6.000     0
         24.93456477   27.25760402   18.23527091    c      6.000     0
         25.80499025   24.88775230   17.38577588    c      6.000     0
         23.52250787   23.25243164   16.80429202    c      6.000     0
         21.35914183   24.86038295   17.51019541    c      6.000     0
         22.06851338   27.23731040   18.24180764    c      6.000     0
 
       center of nuclear mass  :   23.61809289   23.62223141   23.62121332
       center of nuclear charge:   23.61809289   23.62223141   23.62121332

              +--------------------------------------------------+
              |               basis set information              |
              +--------------------------------------------------+

              we will work with the 1s 3p 5d 7f 9g ... basis set
              ...i.e. with spherical basis functions...

   type   atoms  prim   cont   basis
   ---------------------------------------------------------------------------
    c       60     49     34   x2c-TZVPall-s   [5s4p2d1f|11s7p2d1f]
   ---------------------------------------------------------------------------
   total:   60   2940   2040
   ---------------------------------------------------------------------------

   total number of primitive shells          :   21
   total number of contracted shells         :  720
   total number of cartesian basis functions : 2340
   total number of SCF-basis functions       : 2040

 RI-J AUXILIARY BASIS SET information:

              we will work with the 1s 3p 5d 7f 9g ... basis set
              ...i.e. with spherical basis functions...

   type   atoms  prim   cont   basis
   ---------------------------------------------------------------------------
    c       60     70     70   x2c-TZVPall-s   [12s5p4d2f1g|12s5p4d2f1g]
   ---------------------------------------------------------------------------
   total:   60   4200   4200
   ---------------------------------------------------------------------------

   total number of primitive shells          :   24
   total number of contracted shells         : 1440
   total number of cartesian basis functions : 5160
   total number of SCF-basis functions       : 4200


 symmetry group of the molecule :   c1 

 the group has the following generators :
   c1(z)

    1 symmetry operations found

 there are 1 real representations :   a   

 integral neglect threshold       :  0.14E-12
 integral storage threshold THIZE :  0.10E-04
 integral storage threshold THIME :         5


 WARNING : cannot change filename for statistics 

 maximum number of shells which are related by symmetry :  1

 Performing scalar X2C shift calculation
 DLU scheme used in X2C

    mo occupation :
   irrep   mo's   occupied
    a     2040      180
 
 number of basis functions   :  2040
 number of occupied orbitals :   180
 
  MOs are in ASCII format !


 reading orbital data $scfmo from file mos
 orbital characterization : scfconv=8

 -------------------------------------------------
 ------     SEMINUMERICAL CALCULATION       ------
 ------     using the semiJK algorithm      ------
 -------------------------------------------------

 using tight bounds in seminumeric procedure
 using tight integral bounds for s-junctions
 using tight integral bounds for p-junctions
 threshold for f-junctions:   0.100000000000E-12
 threshold for k-junctions:   0.100000000000E-09
 threshold for near field :   0.100000000000E-04
 max. BF   for near field :        0
 using cholesky decomposed overlap metric in seminumeric procedure
  
           ------------------
           seminumerical grid
           ------------------
 spherical integration : Lebedev's spherical grid
 spherical gridsize    :                     3
    i.e. gridpoints    :                   302
  maximum batchsize    :                   100
 value for diffuse not defined
 radial integration    : Chebyshev 2nd kind (scaling 3)
 radial gridsize       :                     3
 integration cells     :                    60
 partition function    : becke
 partition sharpness   :                     3
  
 ************************************************
           DFT is switched ON !!
 ************************************************
 
 
  
           ------------------
           density functional
           ------------------
 PBE0 hybrid functional
 exchange:    3/4 (LDA+PBE) + 1/4 HF
 correlation: LDA (PW) + PBE
 spherical integration : Lebedev's spherical grid
 spherical gridsize    :                     4
    i.e. gridpoints    :                   434
  maximum batchsize    :                   100
 value for diffuse not defined
 radial integration    : Chebyshev 2nd kind (scaling 3)
 radial gridsize       :                     6
 integration cells     :                    60
 partition function    : becke
 partition sharpness   :                     3
  
 grids with increased radial size are used
  
           ------------------------
            MPSHIFT - INFORMATION
           ------------------------
  
 Threshold for integral neglect (rithr2): 1E-10

 biggest AO integral is expected to be     5.730030563
 Contributions to RI integral batches: 
  neglected integral batches:                 92793
  direct contribution:                       166767
 
    +---------------- Multipole Accelerated RI-J ---------------+
    -------------------------------------------------------------
      Number of bins for density partition        :  8
      Maximum multipole moment used               : 14
      Multipole precision parameter               :  1.0000E-08
      Threshold for moment summation              :  1.0000E-24
      Minimum separation between boxes            :  0.0000E+00
      Maximum allowed extent                      :  2.0000E+01
    +-----------------------------------------------------------+
 
 Extensions and centers of shell-pairs:
  number of shells with a single center:   154778
  number of shells with double centers:     11989
 
 Residuum convergence criterium for CPHF : 0.100E-06
 
 time for          input     16.53

     number of neglected shell pairs due to bound  :      71976
 percentage of neglected shell pairs due to bounds :         27 %

 Taking SS matrix from dump file >csssmat<
 Taking HS matrix from dump file >cshsmat<
 time for    1e matrices      1.84

Calculating unperturbed density contribution of atom   1

 maximum number of shells which are related by symmetry :  1


Calculating unperturbed density contribution of atom   2

 maximum number of shells which are related by symmetry :  1


Calculating unperturbed density contribution of atom   3

 maximum number of shells which are related by symmetry :  1


Calculating unperturbed density contribution of atom   4

 maximum number of shells which are related by symmetry :  1


Calculating unperturbed density contribution of atom   5

 maximum number of shells which are related by symmetry :  1


Calculating unperturbed density contribution of atom   6

 maximum number of shells which are related by symmetry :  1


Calculating unperturbed density contribution of atom   7

 maximum number of shells which are related by symmetry :  1


Calculating unperturbed density contribution of atom   8

 maximum number of shells which are related by symmetry :  1


Calculating unperturbed density contribution of atom   9

 maximum number of shells which are related by symmetry :  1


Calculating unperturbed density contribution of atom  10

 maximum number of shells which are related by symmetry :  1


Calculating unperturbed density contribution of atom  11

 maximum number of shells which are related by symmetry :  1


Calculating unperturbed density contribution of atom  12

 maximum number of shells which are related by symmetry :  1


Calculating unperturbed density contribution of atom  13

 maximum number of shells which are related by symmetry :  1


Calculating unperturbed density contribution of atom  14

 maximum number of shells which are related by symmetry :  1


Calculating unperturbed density contribution of atom  15

 maximum number of shells which are related by symmetry :  1


Calculating unperturbed density contribution of atom  16

 maximum number of shells which are related by symmetry :  1


Calculating unperturbed density contribution of atom  17

 maximum number of shells which are related by symmetry :  1


Calculating unperturbed density contribution of atom  18

 maximum number of shells which are related by symmetry :  1


Calculating unperturbed density contribution of atom  19

 maximum number of shells which are related by symmetry :  1


Calculating unperturbed density contribution of atom  20

 maximum number of shells which are related by symmetry :  1


Calculating unperturbed density contribution of atom  21

 maximum number of shells which are related by symmetry :  1


Calculating unperturbed density contribution of atom  22

 maximum number of shells which are related by symmetry :  1


Calculating unperturbed density contribution of atom  23

 maximum number of shells which are related by symmetry :  1


Calculating unperturbed density contribution of atom  24

 maximum number of shells which are related by symmetry :  1


Calculating unperturbed density contribution of atom  25

 maximum number of shells which are related by symmetry :  1


Calculating unperturbed density contribution of atom  26

 maximum number of shells which are related by symmetry :  1


Calculating unperturbed density contribution of atom  27

 maximum number of shells which are related by symmetry :  1


Calculating unperturbed density contribution of atom  28

 maximum number of shells which are related by symmetry :  1


Calculating unperturbed density contribution of atom  29

 maximum number of shells which are related by symmetry :  1


Calculating unperturbed density contribution of atom  30

 maximum number of shells which are related by symmetry :  1


Calculating unperturbed density contribution of atom  31

 maximum number of shells which are related by symmetry :  1


Calculating unperturbed density contribution of atom  32

 maximum number of shells which are related by symmetry :  1


Calculating unperturbed density contribution of atom  33

 maximum number of shells which are related by symmetry :  1


Calculating unperturbed density contribution of atom  34

 maximum number of shells which are related by symmetry :  1


Calculating unperturbed density contribution of atom  35

 maximum number of shells which are related by symmetry :  1


Calculating unperturbed density contribution of atom  36

 maximum number of shells which are related by symmetry :  1


Calculating unperturbed density contribution of atom  37

 maximum number of shells which are related by symmetry :  1


Calculating unperturbed density contribution of atom  38

 maximum number of shells which are related by symmetry :  1


Calculating unperturbed density contribution of atom  39

 maximum number of shells which are related by symmetry :  1


Calculating unperturbed density contribution of atom  40

 maximum number of shells which are related by symmetry :  1


Calculating unperturbed density contribution of atom  41

 maximum number of shells which are related by symmetry :  1


Calculating unperturbed density contribution of atom  42

 maximum number of shells which are related by symmetry :  1


Calculating unperturbed density contribution of atom  43

 maximum number of shells which are related by symmetry :  1


Calculating unperturbed density contribution of atom  44

 maximum number of shells which are related by symmetry :  1


Calculating unperturbed density contribution of atom  45

 maximum number of shells which are related by symmetry :  1


Calculating unperturbed density contribution of atom  46

 maximum number of shells which are related by symmetry :  1


Calculating unperturbed density contribution of atom  47

 maximum number of shells which are related by symmetry :  1


Calculating unperturbed density contribution of atom  48

 maximum number of shells which are related by symmetry :  1


Calculating unperturbed density contribution of atom  49

 maximum number of shells which are related by symmetry :  1


Calculating unperturbed density contribution of atom  50

 maximum number of shells which are related by symmetry :  1


Calculating unperturbed density contribution of atom  51

 maximum number of shells which are related by symmetry :  1


Calculating unperturbed density contribution of atom  52

 maximum number of shells which are related by symmetry :  1


Calculating unperturbed density contribution of atom  53

 maximum number of shells which are related by symmetry :  1


Calculating unperturbed density contribution of atom  54

 maximum number of shells which are related by symmetry :  1


Calculating unperturbed density contribution of atom  55

 maximum number of shells which are related by symmetry :  1


Calculating unperturbed density contribution of atom  56

 maximum number of shells which are related by symmetry :  1


Calculating unperturbed density contribution of atom  57

 maximum number of shells which are related by symmetry :  1


Calculating unperturbed density contribution of atom  58

 maximum number of shells which are related by symmetry :  1


Calculating unperturbed density contribution of atom  59

 maximum number of shells which are related by symmetry :  1


Calculating unperturbed density contribution of atom  60

 maximum number of shells which are related by symmetry :  1

 time for undisturbed cs   9738.20

 shell blocked total number of electrons =    360.00000000


 setting up bound for integral derivative estimation

 increment for numerical differentiation : 0.00050000

 biggest AO integral is expected to be     5.730030563
 biggest cartesian 1st derivative AO integral is expected to be    10.761314692
 Contributions to RI integral batches: 
  neglected integral batches:                 92793
  direct contribution:                       166767
 time for         twoder    448.91
 
 Entering DFT part...
 
          Overall gridpoints after grid construction =        661479
 Entering senex part...
 

      ------------------------------------------
            SENEX   Pre-CPKS Calculations       
      ------------------------------------------

          Overall gridpoints after grid construction =        339217
 time for   dgs 2e stuff  18377.91
 
 Residuum convergence criterium for CPHF : 0.100E-06

 The magnetic field transforms like a direct sum of 3 real irreps

 
 OCCUPIED-VIRTUAL TENSOR SPACES :

          IRREP   tensor space dimension   magnetic field direction

           a            334800               Bx By Bz 
 
 

 logfile cphf_Bx_a    exists already

 logfile cphf_By_a    exists already

 logfile cphf_Bz_a    exists already

 biggest AO integral is expected to be     5.730030563
          Overall gridpoints after grid construction =        339217

 Iteration   B-field   IRREP   Converged   Euclidean residual norm

    1        Bx        a       no          7.496736501759615D-02
             By        a       no          7.448082568966864D-02
             Bz        a       no          7.617312932651679D-02
 
             time for iteration  1:      7314.873047


    2        Bx        a       no          9.592620706788511D-03
             By        a       no          9.719488651773947D-03
             Bz        a       no          9.910071821000425D-03
 
             time for iteration  2:      7313.640625


    3        Bx        a       no          6.829375508325203D-04
             By        a       no          6.855313247263275D-04
             Bz        a       no          7.046330653036262D-04
 
             time for iteration  3:      7315.679688


    4        Bx        a       no          9.593006586013630D-05
             By        a       no          1.015136286477954D-04
             Bz        a       no          1.029581360759703D-04
 
             time for iteration  4:      7316.613281


    5        Bx        a       no          1.056129218776530D-05
             By        a       no          1.097157926653326D-05
             Bz        a       no          1.126398142000477D-05
 
             time for iteration  5:      7313.960938


    6        Bx        a       no          8.437396819038953D-07
             By        a       no          8.546515049159947D-07
             Bz        a       no          8.821891907394129D-07
 
             time for iteration  6:      7316.167969


    7        Bx        a       yes         6.216453203508224D-08
             By        a       yes         6.926959845945786D-08
             Bz        a       yes         7.741043151392709D-08
 
             time for iteration  7:      7320.609375


time after convergence:         1.046875

Calculating magnetic-moment derivatives of atom   1

 maximum number of shells which are related by symmetry :  1


Calculating magnetic-moment derivatives of atom   2

    7        Bx        a       yes         6.216453201966870D-08
             By        a       yes         6.926959844863806D-08
             Bz        a       yes         7.741043151365390D-08
 
             time for iteration  7:      7469.773438


time after convergence:         1.093750

Calculating magnetic-moment derivatives of atom   1

 maximum number of shells which are related by symmetry :  1


Calculating magnetic-moment derivatives of atom   2

 maximum number of shells which are related by symmetry :  1


Calculating magnetic-moment derivatives of atom   3

 maximum number of shells which are related by symmetry :  1


Calculating magnetic-moment derivatives of atom   4

 maximum number of shells which are related by symmetry :  1


Calculating magnetic-moment derivatives of atom   5

 maximum number of shells which are related by symmetry :  1


Calculating magnetic-moment derivatives of atom   6

 maximum number of shells which are related by symmetry :  1


Calculating magnetic-moment derivatives of atom   7

 maximum number of shells which are related by symmetry :  1


Calculating magnetic-moment derivatives of atom   8

 maximum number of shells which are related by symmetry :  1


Calculating magnetic-moment derivatives of atom   9

 maximum number of shells which are related by symmetry :  1


Calculating magnetic-moment derivatives of atom  10

 maximum number of shells which are related by symmetry :  1


Calculating magnetic-moment derivatives of atom  11

 maximum number of shells which are related by symmetry :  1


Calculating magnetic-moment derivatives of atom  12

 maximum number of shells which are related by symmetry :  1


Calculating magnetic-moment derivatives of atom  13

 maximum number of shells which are related by symmetry :  1


Calculating magnetic-moment derivatives of atom  14

 maximum number of shells which are related by symmetry :  1


Calculating magnetic-moment derivatives of atom  15

 maximum number of shells which are related by symmetry :  1


Calculating magnetic-moment derivatives of atom  16

 maximum number of shells which are related by symmetry :  1


Calculating magnetic-moment derivatives of atom  17

 maximum number of shells which are related by symmetry :  1


Calculating magnetic-moment derivatives of atom  18

 maximum number of shells which are related by symmetry :  1


Calculating magnetic-moment derivatives of atom  19

 maximum number of shells which are related by symmetry :  1


Calculating magnetic-moment derivatives of atom  20

 maximum number of shells which are related by symmetry :  1


Calculating magnetic-moment derivatives of atom  21

 maximum number of shells which are related by symmetry :  1


Calculating magnetic-moment derivatives of atom  22

 maximum number of shells which are related by symmetry :  1


Calculating magnetic-moment derivatives of atom  23

 maximum number of shells which are related by symmetry :  1


Calculating magnetic-moment derivatives of atom  24

 maximum number of shells which are related by symmetry :  1


Calculating magnetic-moment derivatives of atom  25

 maximum number of shells which are related by symmetry :  1


Calculating magnetic-moment derivatives of atom  26

 maximum number of shells which are related by symmetry :  1


Calculating magnetic-moment derivatives of atom  27

 maximum number of shells which are related by symmetry :  1


Calculating magnetic-moment derivatives of atom  28

 maximum number of shells which are related by symmetry :  1


Calculating magnetic-moment derivatives of atom  29

 maximum number of shells which are related by symmetry :  1


Calculating magnetic-moment derivatives of atom  30

 maximum number of shells which are related by symmetry :  1


Calculating magnetic-moment derivatives of atom  31

 maximum number of shells which are related by symmetry :  1


Calculating magnetic-moment derivatives of atom  32

 maximum number of shells which are related by symmetry :  1


Calculating magnetic-moment derivatives of atom  33

 maximum number of shells which are related by symmetry :  1


Calculating magnetic-moment derivatives of atom  34

 maximum number of shells which are related by symmetry :  1


Calculating magnetic-moment derivatives of atom  35

 maximum number of shells which are related by symmetry :  1


Calculating magnetic-moment derivatives of atom  36

 maximum number of shells which are related by symmetry :  1


Calculating magnetic-moment derivatives of atom  37

 maximum number of shells which are related by symmetry :  1


Calculating magnetic-moment derivatives of atom  38

 maximum number of shells which are related by symmetry :  1


Calculating magnetic-moment derivatives of atom  39

 maximum number of shells which are related by symmetry :  1


Calculating magnetic-moment derivatives of atom  40

 maximum number of shells which are related by symmetry :  1


Calculating magnetic-moment derivatives of atom  41

 maximum number of shells which are related by symmetry :  1


Calculating magnetic-moment derivatives of atom  42

 maximum number of shells which are related by symmetry :  1


Calculating magnetic-moment derivatives of atom  43

 maximum number of shells which are related by symmetry :  1


Calculating magnetic-moment derivatives of atom  44

 maximum number of shells which are related by symmetry :  1


Calculating magnetic-moment derivatives of atom  45

 maximum number of shells which are related by symmetry :  1


Calculating magnetic-moment derivatives of atom  46

 maximum number of shells which are related by symmetry :  1


Calculating magnetic-moment derivatives of atom  47

 maximum number of shells which are related by symmetry :  1


Calculating magnetic-moment derivatives of atom  48

 maximum number of shells which are related by symmetry :  1


Calculating magnetic-moment derivatives of atom  49

 maximum number of shells which are related by symmetry :  1


Calculating magnetic-moment derivatives of atom  50

 maximum number of shells which are related by symmetry :  1


Calculating magnetic-moment derivatives of atom  51

 maximum number of shells which are related by symmetry :  1


Calculating magnetic-moment derivatives of atom  52

 maximum number of shells which are related by symmetry :  1


Calculating magnetic-moment derivatives of atom  53

 maximum number of shells which are related by symmetry :  1


Calculating magnetic-moment derivatives of atom  54

 maximum number of shells which are related by symmetry :  1


Calculating magnetic-moment derivatives of atom  55

 maximum number of shells which are related by symmetry :  1


Calculating magnetic-moment derivatives of atom  56

 maximum number of shells which are related by symmetry :  1


Calculating magnetic-moment derivatives of atom  57

 maximum number of shells which are related by symmetry :  1


Calculating magnetic-moment derivatives of atom  58

 maximum number of shells which are related by symmetry :  1


Calculating magnetic-moment derivatives of atom  59

 maximum number of shells which are related by symmetry :  1


Calculating magnetic-moment derivatives of atom  60

 maximum number of shells which are related by symmetry :  1


Atom No.     Isotropic               Disturbed density contribution
             shielding                   xx               yy               zz
c     1           37.03087551         -274.85873135       -237.45532459       -204.75779978
c     2           32.96190165         -330.52123397       -203.39869685       -202.48448918
c     3           30.92718618         -311.49449628       -312.65181385       -240.16348395
c     4           40.61790874         -317.86381165       -308.75070846       -272.79264109
c     5           21.35494549         -317.95335760       -307.40940543       -287.51596264
c     6           40.52364385         -274.30992128       -363.41934067       -310.89404455
c     7           21.95658056         -284.65095803       -437.45650792       -388.28905435
c     8           19.93274852         -306.76485292       -368.80468578       -443.82805542
c     9           38.38131335         -201.97413338       -306.70542490       -365.29725386
c    10           37.32046103          -99.45792616       -365.41508198       -259.48031912
c    11           34.35277543         -372.58216071       -276.87039785       -443.55575054
c    12           23.60762539         -407.61200072       -245.20428646       -434.40311386
c    13           29.40327166         -351.79176297       -226.31124395       -409.53346368
c    14           41.29210819         -276.57509695       -203.27489507       -347.45456109
c    15           33.05320526         -350.92098707       -273.57250528       -443.31827280
c    16           31.69927419         -407.90631914       -283.08012283       -377.81912268
c    17           22.41702480         -365.75980748       -228.05893136       -351.88336641
c    18           21.86481319         -251.19032463       -126.76384075       -298.37914046
c    19           38.80990255         -315.93035431       -234.95796755       -319.32351993
c    20           30.56330528         -359.76216584       -220.62069797       -410.67072209
c    21           29.28049294         -299.68513725       -310.25396008       -175.74059037
c    22           28.98197132         -198.09208518       -275.02153060       -160.62821054
c    23           26.57293536         -164.06398902       -284.32820694       -230.02886224
c    24           28.79289466         -224.63101826       -223.68468097       -288.75144214
c    25           32.68966604         -154.07512614       -176.10878304       -318.28675060
c    26           31.53990354         -248.68805767       -163.32176040       -192.84608471
c    27           37.54141130         -189.24099205       -266.67870861       -260.85786703
c    28           38.44579750         -279.08610570       -314.02796291       -264.16848153
c    29           34.74853226         -279.77870231       -198.18756345       -189.56476035
c    30           33.60320398         -273.24470242       -165.89003316       -185.58705765
c    31           42.14992088         -192.95337122       -288.59552811       -326.01085502
c    32           26.73346068         -321.53407965       -333.52718416       -351.64064459
c    33           31.32387889         -330.47229604       -381.69577083       -402.76912317
c    34           45.01992734         -178.12840612       -270.68652555       -376.67386727
c    35           27.59728656         -205.95399402       -167.67070235       -330.97882911
c    36           40.91599735         -183.74987991       -384.36211029       -340.88718621
c    37           35.69564294         -319.08746258       -400.69858486       -360.73704670
c    38           41.32861412         -238.90460904       -392.73260576       -398.85970918
c    39           37.30352839         -280.12382506       -348.66217885       -420.71479373
c    40           39.96921888         -213.07651602       -374.17458205       -409.97185888
c    41           31.78523985         -401.22558951       -360.73001123       -284.06705156
c    42           37.28782953         -375.39626647       -361.99919365       -288.86132459
c    43           36.57891143         -397.25054836       -279.60035597       -290.12468032
c    44           45.88886809         -417.34191169       -275.28371356       -292.71639600
c    45           30.85645952         -432.69133961       -291.50931685       -394.81620402
c    46           31.33187646         -322.00674557       -398.28717945       -308.84762952
c    47           24.73643702         -286.02807217       -372.67907115       -168.80638960
c    48           42.03226373         -290.96043254       -311.18465361       -175.70525512
c    49           42.43840390          -99.42166411       -283.08217254       -153.68901522
c    50           29.73415853         -275.50984861       -327.21859368       -284.03843732
c    51           25.59923057         -359.08921078       -200.88908357       -222.53283176
c    52           31.31691255         -293.79665662       -202.27133932       -152.25085796
c    53           29.44597231         -233.27660702       -231.10948268       -303.09933797
c    54           34.82732901         -313.52818822       -223.92405488       -205.94950722
c    55           39.01626467         -270.36700304       -215.49976512       -174.93309934
c    56            7.89301886         -387.00243999       -360.30399480       -105.16473701
c    57           34.79664603         -380.55199479       -349.18836273       -190.35461454
c    58           31.16119605         -501.26121114       -403.36207806        -95.72534721
c    59           37.98663166         -337.11216787       -411.46806596       -337.31570777
c    60           33.31765787         -347.65272445       -403.82458498       -230.15096941

CPHF procedure converged in   7 iterations.

-2.17023871
              -49.84672223        218.99721435         14.91223708
               84.27070658         57.30620554        339.61099777

  perturbed density contribution to magnetic shielding:
    Trace =    -239.02395190
    Tensor :
             -274.85873135        -14.65540150         70.48653541
               55.46394481       -237.45532459        -41.81137258
              -93.39508542       -118.02882799       -204.75779978

  total magnetic shielding:
    Trace =      37.03087551
    Tensor :
                   -5.30246122             11.73742155             68.31629670
                    5.61722258            -18.45811023            -26.89913550
                   -9.12437883            -60.72262244            134.85319799


ATOM  c    2      ISOTROPIC:        32.961902       ANISOTROPIC:       170.364932

  unperturbed density contribution to magnetic shielding:
    Trace =     278.43004164
    Tensor :
              287.79031283         23.55666047        -21.44444785
              -49.34992248        206.00383089         27.24453968
               68.19382421         87.21235663        341.49598121

  perturbed density contribution to magnetic shielding:
    Trace =    -245.46814000
    Tensor :
             -330.52123397         -7.34580206         20.86601470
               35.39583403       -203.39869685        -11.61794816
              -68.70091592       -156.66989203       -202.48448918

  total magnetic shielding:
    Trace =      32.96190165
    Tensor :
                  -42.73092114             16.21085841             -0.57843315
                  -13.95408844              2.60513405             15.62659152
                   -0.50709171            -69.45753541            139.01149203


ATOM  c    3      ISOTROPIC:        30.927186       ANISOTROPIC:       173.315138

  unperturbed density contribution to magnetic shielding:
    Trace =     319.03045087
    Tensor :
              295.18061343        -28.73634749        -51.87772795
              -46.37659944        292.37601606         -5.96215398
               55.26702551         52.06261950        369.53472312

  perturbed density contribution to magnetic shielding:
    Trace =    -288.10326469
    Tensor :
             -311.49449628         45.10271972         -4.50426328
                8.37532381       -312.65181385        -36.82370014
              -39.30134946       -103.40386281       -240.16348395

  total magnetic shielding:
    Trace =      30.92718618
    Tensor :
                  -16.31388285             16.36637223            -56.38199124
                  -38.00127563            -20.27579779            -42.78585411
                   15.96567605            -51.34124330            129.37123917


ATOM  c    4      ISOTROPIC:        40.617909       ANISOTROPIC:       171.769855

  unperturbed density contribution to magnetic shielding:
    Trace =     340.42029580
    Tensor :
              303.71425546        -25.77905203        -31.32608310
              -98.30603047        324.20777718        -38.41597442
               79.27291225         32.91098855        393.33885477

  perturbed density contribution to magnetic shielding:
    Trace =    -299.80238706
    Tensor :
             -317.86381165         52.80245105          5.79972492
               98.62377717       -308.75070846        -54.88811339
              -91.71639786        -70.40614633       -272.79264109

  total magnetic shielding:
    Trace =      40.61790874
    Tensor :
                  -14.14955619             27.02339902            -25.52635819
                    0.31774670             15.45706873            -93.30408781
                  -12.44348561            -37.49515779            120.54621368


ATOM  c    5      ISOTROPIC:        21.354945       ANISOTROPIC:       178.736282

  unperturbed density contribution to magnetic shielding:
    Trace =     325.64785405
    Tensor :
              283.56886508         16.29344552          5.31555330
              -65.35236676        292.09773363        -90.26749500
               71.53982412          7.73994927        401.27696345

  perturbed density contribution to magnetic shielding:
    Trace =    -304.29290856
    Tensor :
             -317.95335760        -36.31971140         28.04180392
               42.79096672       -307.40940543         -2.86338162
             -105.41946570        -36.26906263       -287.51596264

  total magnetic shielding:
    Trace =      21.35494549
    Tensor :
                  -34.38449253            -20.02626587             33.35735722
                  -22.56140005            -15.31167180            -93.13087662
                  -33.87964158            -28.52911337            113.76100081


ATOM  c    6      ISOTROPIC:        40.523644       ANISOTROPIC:       169.515297

  unperturbed density contribution to magnetic shielding:
    Trace =     356.73141268
    Tensor :
              380.80143508        -76.72007695        -19.00631421
              -74.36467143        371.12681080         26.04600832
               30.60584770          3.24736629        318.26599216

  perturbed density contribution to magnetic shielding:
    Trace =    -316.20776883
    Tensor :
             -274.30992128         67.80541486        -75.32806063
                8.27930267       -363.41934067         -2.40137477
              -76.37765653        -24.94900013       -310.89404455

  total magnetic shielding:
    Trace =      40.52364385
    Tensor :
                  106.49151380             -8.91466209            -94.33437485
                  -66.08536876              7.70747012             23.64463356
                  -45.77180882            -21.70163384              7.37194761


ATOM  c    7      ISOTROPIC:        21.956581       ANISOTROPIC:       167.478679

  unperturbed density contribution to magnetic shielding:
    Trace =     392.08875399
    Tensor :
              388.72463175        -47.45740966        -48.88823887
              -66.92187335        389.15679467        -37.96859014
               26.90435286        -37.50888475        398.38483555

  perturbed density contribution to magnetic shielding:
    Trace =    -370.13217344
    Tensor :
             -284.65095803         43.23889072        -57.61566383
               65.96718197       -437.45650792         52.54944396
              -37.30833955         30.98464890       -388.28905435

  total magnetic shielding:
    Trace =      21.95658056
    Tensor :
                  104.07367372             -4.21851894           -106.50390270
                   -0.95469138            -48.29971325             14.58085382
                  -10.40398669             -6.52423585             10.09578120


ATOM  c    8      ISOTROPIC:        19.932749       ANISOTROPIC:       187.633075

  unperturbed density contribution to magnetic shielding:
    Trace =     393.06527989
    Tensor :
              406.15824424        -60.46536189       -112.32985292
              -55.27075500        340.50133174        -31.12801240
               -9.95008281         37.27220142        432.53626371

  perturbed density contribution to magnetic shielding:
    Trace =    -373.13253137
    Tensor :
             -306.76485292         50.63043933         36.00189818
               93.20668250       -368.80468578         15.57645924
              -77.65646889        -14.93850137       -443.82805542

  total magnetic shielding:
    Trace =      19.93274852
    Tensor :
                   99.39339132             -9.83492256            -76.32795474
                   37.93592750            -28.30335404            -15.55155316
                  -87.60655170             22.33370005            -11.29179171


ATOM  c    9      ISOTROPIC:        38.381313       ANISOTROPIC:       163.229043

  unperturbed density contribution to magnetic shielding:
    Trace =     329.70691739
    Tensor :
              287.59580162        -44.14901770       -103.37580934
              -64.01315070        282.15257983        -18.80482477
               71.19742799         67.98865160        419.37237074

  perturbed density contribution to magnetic shielding:
    Trace =    -291.32560405
    Tensor :
             -201.97413338         38.08917176         54.78432024
               62.97550999       -306.70542490         17.05385350
             -172.84437305        -71.30613419       -365.29725386

  total magnetic shielding:
    Trace =      38.38131335
    Tensor :
                   85.62166824             -6.05984594            -48.59148910
                   -1.03764071            -24.55284508             -1.75097127
                 -101.64694506             -3.31748259             54.07511688


ATOM  c   10      ISOTROPIC:        37.320461       ANISOTROPIC:       177.043435

  unperturbed density contribution to magnetic shielding:
    Trace =     278.77157011
    Tensor :
              191.25780653        -65.57547477         19.13963249
              -13.14834854        357.57578537         52.05337180
              100.55024110         19.25210399        287.48111844

  perturbed density contribution to magnetic shielding:
    Trace =    -241.45110909
    Tensor :
              -99.45792616         78.33414044        -64.30977140
              -30.69587429       -365.41508198          6.53703300
             -212.38241487         -0.46078074       -259.48031912

  total magnetic shielding:
    Trace =      37.32046103
    Tensor :
                   91.79988037             12.75866567            -45.17013891
                  -43.84422282             -7.83929661             58.59040479
                 -111.83217377             18.79132325             28.00079931


ATOM  c   11      ISOTROPIC:        34.352775       ANISOTROPIC:       168.284675

  unperturbed density contribution to magnetic shielding:
    Trace =     398.68887846
    Tensor :
              414.59659571        -53.79819950        -88.63786339
              -69.83371222        362.44653611        -32.20924683
                3.45703976         33.54687190        419.02350358

  perturbed density contribution to magnetic shielding:
    Trace =    -364.33610303
    Tensor :
             -372.58216071        162.99136816         71.22594112
              113.02846351       -276.87039785        -12.71205504
               18.53427298        -35.70671066       -443.55575054

  total magnetic shielding:
    Trace =      34.35277543
    Tensor :
                   42.01443500            109.19316866            -17.41192227
                   43.19475128             85.57613825            -44.92130187
                   21.99131274             -2.15983875            -24.53224696


ATOM  c   12      ISOTROPIC:        23.607625       ANISOTROPIC:       182.870138

  unperturbed density contribution to magnetic shielding:
    Trace =     386.01409240
    Tensor :
              400.86137477         23.18886342        -77.07447834
              -41.34798120        347.15611639        -21.28876689
              -29.52365951        -13.90461091        410.02478604

  perturbed density contribution to magnetic shielding:
    Trace =    -362.40646701
    Tensor :
             -407.61200072         37.27943421         37.09729456
              131.77452995       -245.20428646        -15.05219558
               14.03514966         45.91280802       -434.40311386

  total magnetic shielding:
    Trace =      23.60762539
    Tensor :
                   -6.75062595             60.46829763            -39.97718378
                   90.42654875            101.95182994            -36.34096247
                  -15.48850984             32.00819711            -24.37832782


ATOM  c   13      ISOTROPIC:        29.403272       ANISOTROPIC:       163.370303

  unperturbed density contribution to magnetic shielding:
    Trace =     358.61542852
    Tensor :
              363.82537779        -24.72775903         -8.28966075
              -87.51261885        331.44302002        -58.82283024
               19.53056082         31.60646600        380.57788776

  perturbed density contribution to magnetic shielding:
    Trace =    -329.21215687
    Tensor :
             -351.79176297         46.65282347          8.03313876
              164.94332138       -226.31124395         19.67278429
              -45.32601128        -70.88898802       -409.53346368

  total magnetic shielding:
    Trace =      29.40327166
    Tensor :
                   12.03361482             21.92506444             -0.25652199
                   77.43070253            105.13177608            -39.15004596
                  -25.79545046            -39.28252202            -28.95557593


ATOM  c   14      ISOTROPIC:        41.292108       ANISOTROPIC:       177.009730

  unperturbed density contribution to magnetic shielding:
    Trace =     317.06029256
    Tensor :
              295.27196736        -10.83555319         -2.17662503
              -73.87569671        298.09699932        -20.04538337
               75.17058241         45.44168737        357.81191100

  perturbed density contribution to magnetic shielding:
    Trace =    -275.76818437
    Tensor :
             -276.57509695         91.43774428          6.24046518
              141.74522066       -203.27489507          0.42517174
             -121.32460790       -122.23324812       -347.45456109

  total magnetic shielding:
    Trace =      41.29210819
    Tensor :
                   18.69687040             80.60219108              4.06384015
                   67.86952395             94.82210425            -19.62021163
                  -46.15402549            -76.79156075             10.35734990


ATOM  c   15      ISOTROPIC:        33.053205       ANISOTROPIC:       159.070424

  unperturbed density contribution to magnetic shielding:
    Trace =     388.99046031
    Tensor :
              388.77685041        -34.34951533       -101.78404846
              -41.18908763        349.19317471        -39.33184200
                4.00864298         23.56319425        429.00135580

  perturbed density contribution to magnetic shielding:
    Trace =    -355.93725505
    Tensor :
             -350.92098707        138.77006543         64.22993547
               66.55404968       -273.57250528         26.50361813
              -42.59043259        -64.94701221       -443.31827280

  total magnetic shielding:
    Trace =      33.05320526
    Tensor :
                   37.85586335            104.42055010            -37.55411300
                   25.36496205             75.62066943            -12.82822387
                  -38.58178961            -41.38381796            -14.31691700


ATOM  c   16      ISOTROPIC:        31.699274       ANISOTROPIC:       172.082535

  unperturbed density contribution to magnetic shielding:
    Trace =     387.96779574
    Tensor :
              417.49936996        -34.98086859         -6.70652116
              -99.90518517        390.92777882        -45.86909884
               -9.46653231          6.05758802        355.47623845

  perturbed density contribution to magnetic shielding:
    Trace =    -356.26852155
    Tensor :
             -407.90631914        -23.15939010         34.11475923
               18.52631975       -283.08012283        -11.76011076
               16.96687482         31.99174630       -377.81912268

  total magnetic shielding:
    Trace =      31.69927419
    Tensor :
                    9.59305082            -58.14025869             27.40823808
                  -81.37886542            107.84765599            -57.62920960
                    7.50034250             38.04933432            -22.34288423


ATOM  c   17      ISOTROPIC:        22.417025       ANISOTROPIC:       180.360432

  unperturbed density contribution to magnetic shielding:
    Trace =     337.65105988
    Tensor :
              400.06535359         13.81065806         14.36665352
              -58.95180035        296.89824529        -23.52370007
              -21.89989464          5.82375716        315.98958077

  perturbed density contribution to magnetic shielding:
    Trace =    -315.23403508
    Tensor :
             -365.75980748       -128.20516374         -9.92156594
                0.38845255       -228.05893136        -23.47211855
                2.60512106         -1.78390586       -351.88336641

  total magnetic shielding:
    Trace =      22.41702480
    Tensor :
                   34.30554611           -114.39450568              4.44508758
                  -58.56334780             68.83931393            -46.99581862
                  -19.29477357              4.03985130            -35.89378564


ATOM  c   18      ISOTROPIC:        21.864813       ANISOTROPIC:       176.375168

  unperturbed density contribution to magnetic shielding:
    Trace =     247.30924848
    Tensor :
              284.42713152         44.70358874         38.79074278
               27.07849097        191.35407944         27.93977759
               42.02168174         54.74816628        266.14653447

  perturbed density contribution to magnetic shielding:
    Trace =    -225.44443528
    Tensor :
             -251.19032463       -160.14924051         -3.34005589
              -57.83368628       -126.76384075        -43.65195979
                3.17163652       -100.97810699       -298.37914046

  total magnetic shielding:
    Trace =      21.86481319
    Tensor :
                   33.23680688           -115.44565176             35.45068689
                  -30.75519531             64.59023869            -15.71218220
                   45.19331827            -46.22994070            -32.23260599


ATOM  c   19      ISOTROPIC:        38.809903       ANISOTROPIC:       182.305218

  unperturbed density contribution to magnetic shielding:
    Trace =     328.88051648
    Tensor :
              325.82852433          2.24822523          5.52276353
              -69.19035938        323.84276136        -21.25065885
               49.60314768          6.40706795        336.97026375

  perturbed density contribution to magnetic shielding:
    Trace =    -290.07061393
    Tensor :
             -315.93035431        -70.54267601         -1.01096301
              -19.99835400       -234.95796755         -4.52272071
              -21.45945261        -84.86294178       -319.32351993

  total magnetic shielding:
    Trace =      38.80990255
    Tensor :
                    9.89817002            -68.29445078              4.51180052
                  -89.18871338             88.88479382            -25.77337956
                   28.14369507            -78.45587384             17.64674383


ATOM  c   20      ISOTROPIC:        30.563305       ANISOTROPIC:       175.916767

  unperturbed density contribution to magnetic shielding:
    Trace =     360.91450058
    Tensor :
              370.33037128        -17.84350148        -13.22580905
              -85.56911299        337.93046329        -66.77121691
               20.21071082         12.43526145        374.48266717

  perturbed density contribution to magnetic shielding:
    Trace =    -330.35119530
    Tensor :
             -359.76216584         -3.53568488         10.88144989
                6.72038941       -220.62069797         17.69207084
                1.24978511        -41.39600908       -410.67072209

  total magnetic shielding:
    Trace =      30.56330528
    Tensor :
                   10.56820544            -21.37918635             -2.34435916
                  -78.84872359            117.30976532            -49.07914607
                   21.46049593            -28.96074763            -36.18805492


ATOM  c   21      ISOTROPIC:        29.280493       ANISOTROPIC:       163.764156

  unperturbed density contribution to magnetic shielding:
    Trace =     291.17372217
    Tensor :
              403.07981979         56.74616767         88.88131589
              -37.42992976        269.60107544         24.42987728
              -41.85055266        -13.65483228        200.84027128

  perturbed density contribution to magnetic shielding:
    Trace =    -261.89322923
    Tensor :
             -299.68513725        -37.53272997         16.33596714
               52.84540355       -310.25396008        -14.23615933
               49.92078399         33.84043852       -175.74059037

  total magnetic shielding:
    Trace =      29.28049294
    Tensor :
                  103.39468254             19.21343769            105.21728303
                   15.41547380            -40.65288464             10.19371795
                    8.07023133             20.18560624             25.09968091


ATOM  c   22      ISOTROPIC:        28.981971       ANISOTROPIC:       167.821011

  unperturbed density contribution to magnetic shielding:
    Trace =     240.22924676
    Tensor :
              294.85465371         -2.48283313         60.23819009
               40.78745392        263.07098358         95.57119349
                6.78788238         67.11684236        162.76210300

  perturbed density contribution to magnetic shielding:
    Trace =    -211.24727544
    Tensor :
             -198.09208518         16.81280443         19.38709543
               38.80601383       -275.02153060        -88.98650738
               34.93459570        -68.80623221       -160.62821054

  total magnetic shielding:
    Trace =      28.98197132
    Tensor :
                   96.76256852             14.32997131             79.62528552
                   79.59346775            -11.95054702              6.58468611
                   41.72247808             -1.68938985              2.13389245


ATOM  c   23      ISOTROPIC:        26.572935       ANISOTROPIC:       173.520136

  unperturbed density contribution to magnetic shielding:
    Trace =     252.71328810
    Tensor :
              252.87590943         50.16557910         27.51744036
               38.43308954        259.80610286         75.85544516
               44.50066202         32.49106514        245.45785200

  perturbed density contribution to magnetic shielding:
    Trace =    -226.14035273
    Tensor :
             -164.06398902        -56.36595259         19.09600986
                8.61921820       -284.32820694        -37.47514439
               58.92747073        -18.45830253       -230.02886224

  total magnetic shielding:
    Trace =      26.57293536
    Tensor :
                   88.81192041             -6.20037348             46.61345021
                   47.05230774            -24.52210408             38.38030077
                  103.42813276             14.03276262             15.42898976


ATOM  c   24      ISOTROPIC:        28.792895       ANISOTROPIC:       170.283454

  unperturbed density contribution to magnetic shielding:
    Trace =     274.48194178
    Tensor :
              290.25058347         29.71621547         18.78995541
             -114.94621996        195.51688805        -25.83566212
              136.65063299         83.31564169        337.67835382

  perturbed density contribution to magnetic shielding:
    Trace =    -245.68904712
    Tensor :
             -224.63101826          5.89369038         44.65882883
              118.16788722       -223.68468097         18.95544791
              -35.43012583        -71.34930257       -288.75144214

  total magnetic shielding:
    Trace =      28.79289466
    Tensor :
                   65.61956521             35.60990586             63.44878424
                    3.22166726            -28.16779292             -6.88021422
                  101.22050716             11.96633913             48.92691169


ATOM  c   25      ISOTROPIC:        32.689666       ANISOTROPIC:       165.804214

  unperturbed density contribution to magnetic shielding:
    Trace =     248.84655263
    Tensor :
              257.19702648         69.50621568         22.51469947
               16.15112925        172.73826423        -12.61512825
               83.42338790         48.34407251        316.60436718

  perturbed density contribution to magnetic shielding:
    Trace =    -216.15688659
    Tensor :
             -154.07512614        -41.24996625         50.06156353
              -34.74267491       -176.10878304         -7.60826480
               -9.28242773        -15.85619006       -318.28675060

  total magnetic shielding:
    Trace =      32.68966604
    Tensor :
                  103.12190034             28.25624943             72.57626300
                  -18.59154566             -3.37051881            -20.22339305
                   74.14096017             32.48788245             -1.68238342


ATOM  c   26      ISOTROPIC:        31.539904       ANISOTROPIC:       181.852936

  unperturbed density contribution to magnetic shielding:
    Trace =     233.15853780
    Tensor :
              213.02845260         45.51556609         30.22826114
               99.95564883        255.89002541         88.02793738
              -14.21140557         35.76469538        230.55713538

  perturbed density contribution to magnetic shielding:
    Trace =    -201.61863426
    Tensor :
             -248.68805767        -15.37183784         -5.50869234
             -100.40462040       -163.32176040         30.37343113
               -8.19985076          9.08296177       -192.84608471

  total magnetic shielding:
    Trace =      31.53990354
    Tensor :
                  -35.65960507             30.14372826             24.71956880
                   -0.44897157             92.56826501            118.40136851
                  -22.41125633             44.84765715             37.71105067


ATOM  c   27      ISOTROPIC:        37.541411       ANISOTROPIC:       174.082442

  unperturbed density contribution to magnetic shielding:
    Trace =     276.46726720
    Tensor :
              174.54442063         11.84852412         12.26671930
               82.98751500        362.06069651         58.67381412
               27.60034531        -43.07653982        292.79668445

  perturbed density contribution to magnetic shielding:
    Trace =    -238.92585590
    Tensor :
             -189.24099205        -57.09976984        -13.14113766
              -90.60360655       -266.67870861         58.82510466
              -33.50534488         84.80666980       -260.85786703

  total magnetic shielding:
    Trace =      37.54141130
    Tensor :
                  -14.69657142            -45.25124572             -0.87441836
                   -7.61609155             95.38198790            117.49891878
                   -5.90499957             41.73012998             31.93881742


ATOM  c   28      ISOTROPIC:        38.445797       ANISOTROPIC:       168.350463

  unperturbed density contribution to magnetic shielding:
    Trace =     324.20664755
    Tensor :
              283.77737595        -97.29959914        -62.30088035
              -43.16273140        362.52053221         65.84585249
               59.11641345         47.82760585        326.32203448

  perturbed density contribution to magnetic shielding:
    Trace =    -285.76085005
    Tensor :
             -279.08610570         80.61627266         21.45916261
               48.76372081       -314.02796291         23.75609545
              -73.30587857         38.73285760       -264.16848153

  total magnetic shielding:
    Trace =      38.44579750
    Tensor :
                    4.69127025            -16.68332648            -40.84171774
                    5.60098941             48.49256930             89.60194794
                  -14.18946513             86.56046346             62.15355294


ATOM  c   29      ISOTROPIC:        34.748532       ANISOTROPIC:       182.395804

  unperturbed density contribution to magnetic shielding:
    Trace =     257.25887430
    Tensor :
              238.29920275          3.48046658         26.67798399
              -55.82040339        236.53350709         28.01475096
              103.35414791         77.55473565        296.94391307

  perturbed density contribution to magnetic shielding:
    Trace =    -222.51034204
    Tensor :
             -279.77870231         16.85679366        -21.60798265
               49.01558061       -198.18756345         25.18779658
             -122.58085464         16.81092893       -189.56476035

  total magnetic shielding:
    Trace =      34.74853226
    Tensor :
                  -41.47949956             20.33726024              5.07000134
                   -6.80482278             38.34594364             53.20254754
                  -19.22670674             94.36566458            107.37915271


ATOM  c   30      ISOTROPIC:        33.603204       ANISOTROPIC:       165.390155

  unperturbed density contribution to magnetic shielding:
    Trace =     241.84380173
    Tensor :
              270.33089088         75.08775682         64.86616089
              -18.90202649        208.57885024         48.54112206
               74.10678024         52.67357164        246.62166407

  perturbed density contribution to magnetic shielding:
    Trace =    -208.24059775
    Tensor :
             -273.24470242        -40.96067051        -17.35144395
                4.96838170       -165.89003316         35.63986207
              -75.80517288         35.27305762       -185.58705765

  total magnetic shielding:
    Trace =      33.60320398
    Tensor :
                   -2.91381154             34.12708631             47.51471693
                  -13.93364479             42.68881708             84.18098413
                   -1.69839264             87.94662925             61.03460641


ATOM  c   31      ISOTROPIC:        42.149921       ANISOTROPIC:       166.048283

  unperturbed density contribution to magnetic shielding:
    Trace =     311.33650567
    Tensor :
              227.71135207        -14.10941003         18.29724165
               49.72325880        410.95245738         15.42800233
               15.71601398        -96.28320035        295.34570755

  perturbed density contribution to magnetic shielding:
    Trace =    -269.18658478
    Tensor :
             -192.95337122         -0.82943315        -12.63712891
             -127.97594063       -288.59552811        -42.79251083
                2.79644635         61.08527687       -326.01085502

  total magnetic shielding:
    Trace =      42.14992088
    Tensor :
                   34.75798085            -14.93884318              5.66011274
                  -78.25268183            122.35692927            -27.36450850
                   18.51246033            -35.19792348            -30.66514747


ATOM  c   32      ISOTROPIC:        26.733461       ANISOTROPIC:       185.957504

  unperturbed density contribution to magnetic shielding:
    Trace =     362.30076348
    Tensor :
              342.38827390        -52.99829601         24.83416547
                4.38476142        403.19752220        -21.60484235
              -33.74129083        -61.69404755        341.31649434

  perturbed density contribution to magnetic shielding:
    Trace =    -335.56730280
    Tensor :
             -321.53407965        -22.45864521        -18.03727215
              -95.43555599       -333.52718416         13.23723373
               78.26271878        -26.09297193       -351.64064459

  total magnetic shielding:
    Trace =      26.73346068
    Tensor :
                   20.85419425            -75.45694123              6.79689332
                  -91.05079457             69.67033803             -8.36760861
                   44.52142795            -87.78701948            -10.32415024


ATOM  c   33      ISOTROPIC:        31.323879       ANISOTROPIC:       163.660539

  unperturbed density contribution to magnetic shielding:
    Trace =     402.96960890
    Tensor :
              373.36403332        -99.15765784        -28.95576906
              -23.65808003        455.74218571        -16.36682591
               -9.60213185        -71.44836544        379.80260769

  perturbed density contribution to magnetic shielding:
    Trace =    -371.64573001
    Tensor :
             -330.47229604         -3.70531728         59.53884245
               -0.73339497       -381.69577083         -5.02368330
               41.27267973         16.47876468       -402.76912317

  total magnetic shielding:
    Trace =      31.32387889
    Tensor :
                   42.89173728           -102.86297512             30.58307339
                  -24.39147499             74.04641488            -21.39050921
                   31.67054787            -54.96960076            -22.96651548


ATOM  c   34      ISOTROPIC:        45.019927       ANISOTROPIC:       168.940030

  unperturbed density contribution to magnetic shielding:
    Trace =     320.18286033
    Tensor :
              236.60899253        -68.63457777        -11.45580717
               37.04262071        364.06339212         -9.75897554
                9.90741737          6.35188027        359.87619633

  perturbed density contribution to magnetic shielding:
    Trace =    -275.16293298
    Tensor :
             -178.12840612        -15.35925700         18.42027610
             -107.22006683       -270.68652555         -6.77537522
              -35.25428579        -25.39305956       -376.67386727

  total magnetic shielding:
    Trace =      45.01992734
    Tensor :
                   58.48058640            -83.99383478              6.96446894
                  -70.17744612             93.37686657            -16.53435076
                  -25.34686842            -19.04117930            -16.79767094


ATOM  c   35      ISOTROPIC:        27.597287       ANISOTROPIC:       171.833471

  unperturbed density contribution to magnetic shielding:
    Trace =     262.46512838
    Tensor :
              215.67854382         14.66458497          4.43005487
               93.25527061        268.86387645         62.17548032
              -34.29188529         60.00612850        302.85296488

  perturbed density contribution to magnetic shielding:
    Trace =    -234.86784183
    Tensor :
             -205.95399402        -66.27740328         42.01095201
             -186.06843993       -167.67070235        -79.72989442
               16.00051911        -48.45196403       -330.97882911

  total magnetic shielding:
    Trace =      27.59728656
    Tensor :
                    9.72454980            -51.61281831             46.44100688
                  -92.81316933            101.19317411            -17.55441410
                  -18.29136618             11.55416447            -28.12586424


ATOM  c   36      ISOTROPIC:        40.915997       ANISOTROPIC:       167.590453

  unperturbed density contribution to magnetic shielding:
    Trace =     343.91572282
    Tensor :
              290.72675125        -24.59503097        -41.30171916
               33.23803575        382.63313080          0.58185019
                9.45391844        -35.54586304        358.38728641

  perturbed density contribution to magnetic shielding:
    Trace =    -302.99972547
    Tensor :
             -183.74987991         48.35438997        112.20642927
              -63.97909421       -384.36211029        -23.41788696
               74.12509656         49.84338053       -340.88718621

  total magnetic shielding:
    Trace =      40.91599735
    Tensor :
                  106.97687133             23.75935899             70.90471011
                  -30.74105845             -1.72897949            -22.83603677
                   83.57901500             14.29751749             17.50010020


ATOM  c   37      ISOTROPIC:        35.695643       ANISOTROPIC:       160.477088

  unperturbed density contribution to magnetic shielding:
    Trace =     395.87000766
    Tensor :
              395.20762872        -16.09870543        -43.90681557
               20.00256604        380.15284764        -26.36467942
              -57.09394897        -54.17513941        412.24954661

  perturbed density contribution to magnetic shielding:
    Trace =    -360.17436471
    Tensor :
             -319.08746258         24.61947187         81.88018729
               -3.53984598       -400.69858486          3.81274026
              171.32826558         55.48976586       -360.73704670

  total magnetic shielding:
    Trace =      35.69564294
    Tensor :
                   76.12016614              8.52076645             37.97337172
                   16.46272006            -20.54573722            -22.55193917
                  114.23431661              1.31462645             51.51249992


ATOM  c   38      ISOTROPIC:        41.328614       ANISOTROPIC:       175.361794

  unperturbed density contribution to magnetic shielding:
    Trace =     384.82758878
    Tensor :
              334.73548038        -52.24152812        -80.02641728
               12.39519685        383.57380641        -24.30547149
               -1.90586152         -1.19744176        436.17347954

  perturbed density contribution to magnetic shielding:
    Trace =    -343.49897466
    Tensor :
             -238.90460904         57.33187034        115.51100615
               39.26543823       -392.73260576         64.77278982
              116.75651794         24.83782636       -398.85970918

  total magnetic shielding:
    Trace =      41.32861412
    Tensor :
                   95.83087134              5.09034222             35.48458887
                   51.66063508             -9.15879935             40.46731833
                  114.85065641             23.64038460             37.31377036


ATOM  c   39      ISOTROPIC:        37.303528       ANISOTROPIC:       163.494382

  unperturbed density contribution to magnetic shielding:
    Trace =     387.13712760
    Tensor :
              381.85082191         28.74763506        -25.44668971
              -91.12873509        345.99999332        -89.99413258
               56.82386565        -37.10077335        433.56056758

  perturbed density contribution to magnetic shielding:
    Trace =    -349.83359921
    Tensor :
             -280.12382506        -12.14650031         96.64012851
              154.86002914       -348.66217885         97.89981798
               -0.90012721         10.84221535       -420.71479373

  total magnetic shielding:
    Trace =      37.30352839
    Tensor :
                  101.72699685             16.60113474             71.19343880
                   63.73129405             -2.66218554              7.90568540
                   55.92373844            -26.25855800             12.84577385


ATOM  c   40      ISOTROPIC:        39.969219       ANISOTROPIC:       166.041928

  unperturbed density contribution to magnetic shielding:
    Trace =     372.37687120
    Tensor :
              340.31373746         -2.75346508        -74.11554926
               46.05493307        338.42892283        -62.37653283
              -47.52381045        -12.30973125        438.38795331

  perturbed density contribution to magnetic shielding:
    Trace =    -332.40765232
    Tensor :
             -213.07651602         24.45652494        142.08657415
              -46.15703286       -374.17458205         67.39957980
               76.13675182          6.29244115       -409.97185888

  total magnetic shielding:
    Trace =      39.96921888
    Tensor :
                  127.23722144             21.70305986             67.97102489
                   -0.10209980            -35.74565923              5.02304697
                   28.61294137             -6.01729010             28.41609444


ATOM  c   41      ISOTROPIC:        31.785240       ANISOTROPIC:       171.141893

  unperturbed density contribution to magnetic shielding:
    Trace =     380.45945728
    Tensor :
              380.21814625         51.05490556         38.66784982
               21.29713266        402.22069898        -70.90863846
              -69.57118101       -122.43540422        358.93952660

  perturbed density contribution to magnetic shielding:
    Trace =    -348.67421743
    Tensor :
             -401.22558951        -23.44728230         -0.19015485
              -41.01293658       -360.73001123        137.70315963
               56.65686097        225.52736604       -284.06705156

  total magnetic shielding:
    Trace =      31.78523985
    Tensor :
                  -21.00744326             27.60762326             38.47769497
                  -19.71580391             41.49068775             66.79452117
                  -12.91432003            103.09196181             74.87247504


ATOM  c   42      ISOTROPIC:        37.287830       ANISOTROPIC:       176.691087

  unperturbed density contribution to magnetic shielding:
    Trace =     379.37342443
    Tensor :
              331.10535975         13.31793910        -59.53766063
               22.68098240        411.60505664         -8.57990901
              -18.15397856       -110.04958235        395.40985691

  perturbed density contribution to magnetic shielding:
    Trace =    -342.08559490
    Tensor :
             -375.39626647        -15.82366489         51.87812788
              -11.44735624       -361.99919365         38.19939862
                4.69661140        214.20782748       -288.86132459

  total magnetic shielding:
    Trace =      37.28782953
    Tensor :
                  -44.29090672             -2.50572579             -7.65953275
                   11.23362617             49.60586299             29.61948961
                  -13.45736716            104.15824513            106.54853232


ATOM  c   43      ISOTROPIC:        36.578911       ANISOTROPIC:       166.311787

  unperturbed density contribution to magnetic shielding:
    Trace =     358.90410631
    Tensor :
              388.81156060         30.02337397        -41.18579377
                5.19659692        328.44997190         -5.01366602
              -77.14597312        -40.57756242        359.45078643

  perturbed density contribution to magnetic shielding:
    Trace =    -322.32519488
    Tensor :
             -397.25054836        -52.46295657        -18.31664091
               21.78562432       -279.60035597         71.91277361
               83.62268451        139.65434849       -290.12468032

  total magnetic shielding:
    Trace =      36.57891143
    Tensor :
                   -8.43898776            -22.43958260            -59.50243468
                   26.98222124             48.84961593             66.89910759
                    6.47671139             99.07678607             69.32610611


ATOM  c   44      ISOTROPIC:        45.888868       ANISOTROPIC:       171.205895

  unperturbed density contribution to magnetic shielding:
    Trace =     374.33620851
    Tensor :
              404.77611014         12.49992692        -25.53892313
              -83.50180764        369.94125067         -4.48104257
              -18.24694000        -17.26494531        348.29126473

  perturbed density contribution to magnetic shielding:
    Trace =    -328.44734042
    Tensor :
             -417.34191169        -45.04508519          3.12557387
               75.57785409       -275.28371356         95.96257323
               28.99745127         85.56411887       -292.71639600

  total magnetic shielding:
    Trace =      45.88886809
    Tensor :
                  -12.56580155            -32.54515826            -22.41334926
                   -7.92395356             94.65753710             91.48153066
                   10.75051127             68.29917356             55.57486873


ATOM  c   45      ISOTROPIC:        30.856460       ANISOTROPIC:       179.468207

  unperturbed density contribution to magnetic shielding:
    Trace =     403.86207968
    Tensor :
              394.54368689        -19.50788293        -60.78493774
              -30.39276631        379.85136101        -61.79009799
              -39.61818658          8.25492714        437.19119114

  perturbed density contribution to magnetic shielding:
    Trace =    -373.00562016
    Tensor :
             -432.69133961         63.83848911         68.27528688
               37.94225269       -291.50931685        147.79188616
               14.42921843         59.17945543       -394.81620402

  total magnetic shielding:
    Trace =      30.85645952
    Tensor :
                  -38.14765272             44.33060617              7.49034914
                    7.54948638             88.34204416             86.00178817
                  -25.18896815             67.43438257             42.37498712


ATOM  c   46      ISOTROPIC:        31.331876       ANISOTROPIC:       174.696030

  unperturbed density contribution to magnetic shielding:
    Trace =     374.37906131
    Tensor :
              393.68313483         28.01829828        -29.95177765
              -51.34845341        376.82772057         -8.63323919
              -34.31247843        -77.61979562        352.62632854

  perturbed density contribution to magnetic shielding:
    Trace =    -343.04718485
    Tensor :
             -322.00674557        -28.83213338        -30.02351043
                9.03273773       -398.28717945         44.82872186
              -60.55223480        117.03491608       -308.84762952

  total magnetic shielding:
    Trace =      31.33187646
    Tensor :
                   71.67638925             -0.81383509            -59.97528807
                  -42.31571568            -21.45945888             36.19548267
                  -94.86471323             39.41512046             43.77869901


ATOM  c   47      ISOTROPIC:        24.736437       ANISOTROPIC:       175.875739

  unperturbed density contribution to magnetic shielding:
    Trace =     300.57428133
    Tensor :
              360.81033805         15.89321941         64.66770773
               21.35298711        329.08836158         20.32211660
              -57.47366398        -24.86631217        211.82414434

  perturbed density contribution to magnetic shielding:
    Trace =    -275.83784431
    Tensor :
             -286.02807217        -49.29571165       -113.05431011
               -6.96966953       -372.67907115        -38.13539586
              -54.93565117         46.02574326       -168.80638960

  total magnetic shielding:
    Trace =      24.73643702
    Tensor :
                   74.78226588            -33.40249224            -48.38660238
                   14.38331757            -43.59070957            -17.81327926
                 -112.40931514             21.15943109             43.01775474


ATOM  c   48      ISOTROPIC:        42.032264       ANISOTROPIC:       160.356501

  unperturbed density contribution to magnetic shielding:
    Trace =     301.31571082
    Tensor :
              389.91193928         71.26641085          7.80308146
                2.92164171        300.44718220         78.77884548
              -69.42235187        -56.60038446        213.58801097

  perturbed density contribution to magnetic shielding:
    Trace =    -259.28344709
    Tensor :
             -290.96043254        -87.11119250        -82.91886239
               42.27756319       -311.18465361       -104.90356337
               -1.54516100         83.24651507       -175.70525512

  total magnetic shielding:
    Trace =      42.03226373
    Tensor :
                   98.95150674            -15.84478165            -75.11578093
                   45.19920489            -10.73747141            -26.12471789
                  -70.96751288             26.64613060             37.88275586


ATOM  c   49      ISOTROPIC:        42.438404       ANISOTROPIC:       167.082942

  unperturbed density contribution to magnetic shielding:
    Trace =     221.16935453
    Tensor :
              232.27349527         59.97594081         88.47830453
               44.54743735        246.31120363         24.55025458
               93.17919537         16.97870717        184.92336467

  perturbed density contribution to magnetic shielding:
    Trace =    -178.73095062
    Tensor :
              -99.42166411        -67.27350162       -148.79966205
              -37.38021325       -283.08217254        -21.91081863
             -119.79603982          3.08702064       -153.68901522

  total magnetic shielding:
    Trace =      42.43840390
    Tensor :
                  132.85183116             -7.29756081            -60.32135752
                    7.16722410            -36.77096891              2.63943595
                  -26.61684446             20.06572780             31.23434945


ATOM  c   50      ISOTROPIC:        29.734159       ANISOTROPIC:       184.007674

  unperturbed density contribution to magnetic shielding:
    Trace =     325.32311840
    Tensor :
              375.21842843          4.81658679         16.50088837
              -63.74249387        307.41605689         -2.62712700
               -0.87001992         11.08832956        293.33486988

  perturbed density contribution to magnetic shielding:
    Trace =    -295.58895987
    Tensor :
             -275.50984861        -17.05294380       -101.65494608
               -1.23416930       -327.21859368         13.51309224
              -67.57086354        -29.44647132       -284.03843732

  total magnetic shielding:
    Trace =      29.73415853
    Tensor :
                   99.70857982            -12.23635702            -85.15405771
                  -64.97666317            -19.80253679             10.88596525
                  -68.44088346            -18.35814176              9.29643255


ATOM  c   51      ISOTROPIC:        25.599231       ANISOTROPIC:       175.456879

  unperturbed density contribution to magnetic shielding:
    Trace =     286.43627261
    Tensor :
              404.24434870        100.39726056         27.98160329
               -3.89812199        268.19376294         84.18467812
              -96.66507521        -27.55858667        186.87070619

  perturbed density contribution to magnetic shielding:
    Trace =    -260.83704204
    Tensor :
             -359.08921078          0.55697017        -36.07155889
               48.35474070       -200.88908357       -105.37833912
               50.21804046        -23.21135508       -222.53283176

  total magnetic shielding:
    Trace =      25.59923057
    Tensor :
                   45.15513792            100.95423073             -8.08995560
                   44.45661871             67.30467937            -21.19366099
                  -46.44703475            -50.76994175            -35.66212557


ATOM  c   52      ISOTROPIC:        31.316913       ANISOTROPIC:       176.990036

  unperturbed density contribution to magnetic shielding:
    Trace =     247.42319719
    Tensor :
              313.56594756         32.06811319         -9.00127152
               43.96981035        269.70059191        128.06461395
              -37.84147083         39.45107518        159.00305209

  perturbed density contribution to magnetic shielding:
    Trace =    -216.10628464
    Tensor :
             -293.79665662         36.86025250         10.37905669
               47.73668952       -202.27133932       -149.34242503
               -7.06719030       -118.10850331       -152.25085796

  total magnetic shielding:
    Trace =      31.31691255
    Tensor :
                   19.76929093             68.92836569              1.37778518
                   91.70649987             67.42925259            -21.27781109
                  -44.90866112            -78.65742813              6.75219413


ATOM  c   53      ISOTROPIC:        29.445972       ANISOTROPIC:       181.154574

  unperturbed density contribution to magnetic shielding:
    Trace =     285.27444819
    Tensor :
              249.35893397        -16.36009732         30.14897100
               62.94232532        350.26571642         23.59711975
                8.67064729        -26.28224730        256.19869418

  perturbed density contribution to magnetic shielding:
    Trace =    -255.82847589
    Tensor :
             -233.27660702         36.20242257        -29.95181593
               23.29233983       -231.10948268        -45.23453610
              -33.70496680        -13.53041974       -303.09933797

  total magnetic shielding:
    Trace =      29.44597231
    Tensor :
                   16.08232696             19.84232525              0.19715507
                   86.23466516            119.15623374            -21.63741636
                  -25.03431951            -39.81266704            -46.90064378


ATOM  c   54      ISOTROPIC:        34.827329       ANISOTROPIC:       164.040059

  unperturbed density contribution to magnetic shielding:
    Trace =     282.62791245
    Tensor :
              311.18516018         46.14849171         61.38739590
               12.86868296        328.99841997         60.33139176
                2.65227549        -39.32167438        207.70015721

  perturbed density contribution to magnetic shielding:
    Trace =    -247.80058344
    Tensor :
             -313.52818822         13.90510321        -87.27095221
               67.98214462       -223.92405488        -88.48027938
              -10.48227051         59.25481825       -205.94950722

  total magnetic shielding:
    Trace =      34.82732901
    Tensor :
                   -2.34302805             60.05359492            -25.88355631
                   80.85082758            105.07436509            -28.14888762
                   -7.82999503             19.93314388              1.75064998


ATOM  c   55      ISOTROPIC:        39.016265       ANISOTROPIC:       168.547559

  unperturbed density contribution to magnetic shielding:
    Trace =     259.28288718
    Tensor :
              324.66864992         40.15233304         73.75772476
               62.82954057        291.48980223         85.23500640
              -66.54087690         -4.95336631        161.69020938

  perturbed density contribution to magnetic shielding:
    Trace =    -220.26662250
    Tensor :
             -270.36700304         50.68748374        -65.97105033
                8.23792071       -215.49976512       -126.47830108
               69.80509900         -7.45194882       -174.93309934

  total magnetic shielding:
    Trace =      39.01626467
    Tensor :
                   54.30164687             90.83981678              7.78667443
                   71.06746128             75.99003711            -41.24329468
                    3.26422211            -12.40531513            -13.24288996


ATOM  c   56      ISOTROPIC:         7.893019       ANISOTROPIC:       192.231439

  unperturbed density contribution to magnetic shielding:
    Trace =     292.05007612
    Tensor :
              332.61899404         20.41015089         60.69944484
               62.04955160        336.43573892         20.42763401
              -79.17088668        -38.52289892        207.09549542

  perturbed density contribution to magnetic shielding:
    Trace =    -284.15705727
    Tensor :
             -387.00243999         -2.34277871        -91.30351153
              -28.16792767       -360.30399480       -123.13385226
               96.60496551          3.61387348       -105.16473701

  total magnetic shielding:
    Trace =       7.89301886
    Tensor :
                  -54.38344595             18.06737218            -30.60406669
                   33.88162393            -23.86825588           -102.70621826
                   17.43407883            -34.90902544            101.93075840


ATOM  c   57      ISOTROPIC:        34.796646       ANISOTROPIC:       182.404451

  unperturbed density contribution to magnetic shielding:
    Trace =     341.49497005
    Tensor :
              376.88125089         71.64482504         18.12129790
               31.10519738        323.21758646         -4.74241873
             -105.40809707        -91.98081397        324.38607279

  perturbed density contribution to magnetic shielding:
    Trace =    -306.69832402
    Tensor :
             -380.55199479        -58.50192954        -68.79040686
              -35.45527365       -349.18836273        -36.62894984
               90.42924182         33.67800829       -190.35461454

  total magnetic shielding:
    Trace =      34.79664603
    Tensor :
                   -3.67074389             13.14289550            -50.66910897
                   -4.35007627            -25.97077627            -41.37136857
                  -14.97885525            -58.30280567            134.03145825


ATOM  c   58      ISOTROPIC:        31.161196       ANISOTROPIC:       174.488683

  unperturbed density contribution to magnetic shielding:
    Trace =     364.61074153
    Tensor :
              465.63815467          0.36912463         30.26360810
                1.89436139        392.32852556         32.17830496
             -181.70311470        -98.74701357        235.86554434

  perturbed density contribution to magnetic shielding:
    Trace =    -333.44954547
    Tensor :
             -501.26121114         -5.41373850        -22.40951908
               19.54223185       -403.36207806        -29.49382652
              184.24397033         32.94040173        -95.72534721

  total magnetic shielding:
    Trace =      31.16119605
    Tensor :
                  -35.62305648             -5.04461387              7.85408902
                   21.43659324            -11.03355249              2.68447844
                    2.54085563            -65.80661184            140.14019713


ATOM  c   59      ISOTROPIC:        37.986632       ANISOTROPIC:       184.657604

  unperturbed density contribution to magnetic shielding:
    Trace =     399.95194553
    Tensor :
              345.48250026        -22.78552931        -81.10351451
               34.01789390        384.80948751        -39.19809796
              -30.30137343        -60.70936320        469.56384881

  perturbed density contribution to magnetic shielding:
    Trace =    -361.96531387
    Tensor :
             -337.11216787          4.96079054        129.71331474
               -8.35769420       -411.46806596         -9.44588361
               44.11158796         -7.36940586       -337.31570777

  total magnetic shielding:
    Trace =      37.98663166
    Tensor :
                    8.37033239            -17.82473877             48.60980022
                   25.66019971            -26.65857845            -48.64398157
                   13.81021453            -68.07876906            132.24814105


ATOM  c   60      ISOTROPIC:        33.317658       ANISOTROPIC:       164.526064

  unperturbed density contribution to magnetic shielding:
    Trace =     360.52708415
    Tensor :
              340.92648829        -50.42012456         -5.45124960
               38.65592543        402.88083728        -12.06506355
              -40.35286583        -56.89030100        337.77392688

  perturbed density contribution to magnetic shielding:
    Trace =    -327.20942628
    Tensor :
             -347.65272445         17.67785648         20.11008370
              -55.40100245       -403.82458498        -78.25457060
               56.40820876         20.31572812       -230.15096941

  total magnetic shielding:
    Trace =      33.31765787
    Tensor :
                   -6.72623616            -32.74226808             14.65883410
                  -16.74507703             -0.94374770            -90.31963415
                   16.05534293            -36.57457287            107.62295747


   ***  nmr shielding constants written onto general input/output file!  ***



    ------------------------------------------------------------------------
         total  cpu-time : 21 hours 43 minutes and 50 seconds
         total wall-time :  2 hours 11 minutes and 16 seconds
    ------------------------------------------------------------------------

   ****  mpshift : all done  ****


    2025-01-08 16:57:35.338 

