-1.3716 -1.37166
-1.36881 -1.36918
-1.38243 -1.38247
-1.36566 -1.36562
-1.36741 -1.36741
-1.36953 -1.36952
-1.36721 -1.36711
-1.3745 -1.37447
-1.37085 -1.37112
-1.38369 -1.38374
-1.37735 -1.37765
-1.38472 -1.38482
-1.37565 -1.37545
-1.36987 -1.36975
-1.38073 -1.38083
-1.37764 -1.37743
-1.3656 -1.36535
-1.37813 -1.37833
-1.3732 -1.37326
-1.36441 -1.36421
-1.37334 -1.37317
-1.367 -1.36686
-1.36492 -1.36507
-1.38042 -1.38033
-1.37901 -1.379
-1.36992 -1.36986
-1.39027 -1.38999
-1.36695 -1.36711
-1.38248 -1.38264
-1.36765 -1.36722
-1.37806 -1.37824
-1.36487 -1.36485
-1.37494 -1.37487
-1.36194 -1.3619
-1.37662 -1.37647
-1.37505 -1.37512
-1.36177 -1.36161
-1.36818 -1.36817
-1.38513 -1.38513
-1.38397 -1.38389
-1.37695 -1.37674
-1.35982 -1.36009
-1.38294 -1.38283
-1.37217 -1.37208
-1.37476 -1.37451
-1.37615 -1.37651
-1.37136 -1.37164
-1.37328 -1.37304
-1.3631 -1.36291
-1.38027 -1.38022
-1.37529 -1.37523
-1.3688 -1.36842
-1.37086 -1.371
-1.36945 -1.36957
-1.38005 -1.38005
-1.34504 -1.34455
-1.367 -1.36694
-1.36238 -1.36209
-1.3644 -1.36461
-1.36626 -1.3663
-1.37552 -1.37578
-1.37677 -1.37673
-1.36692 -1.36707
-1.377 -1.37694
-1.36256 -1.36248
-1.37644 -1.3764
-1.37708 -1.3772
-1.37739 -1.3773
-1.37672 -1.37657
-1.36184 -1.36208
-1.36732 -1.36736
-1.35769 -1.35784
-1.37346 -1.37318
-1.37556 -1.37545
-1.38222 -1.38222
-1.36617 -1.36627
-1.37897 -1.37906
-1.38233 -1.38228
-1.37707 -1.3773
-1.38097 -1.38064
-1.37891 -1.3789
-1.36385 -1.36375
-1.36196 -1.36232
-1.37599 -1.37611
-1.38473 -1.38472
-1.35052 -1.3506
-1.36552 -1.36564
-1.36787 -1.36783
-1.37281 -1.37248
-1.36863 -1.3685
-1.35371 -1.35392
-1.37576 -1.37581
-1.38235 -1.38226
-1.36888 -1.3689
-1.36961 -1.36953
-1.3716 -1.3716
-1.38519 -1.3853
-1.36983 -1.36994
-1.37467 -1.37475
-1.36378 -1.36421
-1.38025 -1.38039
-1.38798 -1.38782
-1.36788 -1.36799
-1.37129 -1.37146
-1.36808 -1.36772
-1.38175 -1.38163
-1.36848 -1.36834
-1.36903 -1.36874
-1.37568 -1.37546
-1.37011 -1.36989
-1.38095 -1.38085
-1.35829 -1.35806
-1.37003 -1.37005
-1.38235 -1.38251
-1.37318 -1.37317
-1.36918 -1.36879
-1.38308 -1.38306
-1.35439 -1.35405
-1.36539 -1.36536
-1.3829 -1.38273
-1.3704 -1.37046
-1.37634 -1.37616
-1.3572 -1.35772
-1.36738 -1.36775
-1.36839 -1.36873
-1.36911 -1.36863
-1.37946 -1.3793
-1.36633 -1.3661
-1.36734 -1.3674
-1.37791 -1.37823
-1.3762 -1.37613
-1.37562 -1.37545
-1.3711 -1.37119
-1.37435 -1.37446
-1.37196 -1.37196
-1.3878 -1.38778
-1.37743 -1.37726
-1.36081 -1.36044
-1.37185 -1.37191
-1.37675 -1.37689
-1.36129 -1.36152
-1.36419 -1.36448
-1.36659 -1.36643
-1.36932 -1.36928
-1.37493 -1.37516
-1.38507 -1.38496
-1.37692 -1.37712
-1.37058 -1.37062
-1.38035 -1.38037
-1.38506 -1.38518
-1.37073 -1.37071
-1.3749 -1.37484
-1.37101 -1.37091
-1.37805 -1.37794
-1.34904 -1.34917
-1.37058 -1.3704
-1.3726 -1.37268
-1.37236 -1.37238
-1.37369 -1.37375
-1.36771 -1.36773
-1.36684 -1.36704
-1.37658 -1.37678
-1.37914 -1.37897
-1.37251 -1.37261
-1.37079 -1.37084
-1.37226 -1.37219
-1.38247 -1.38239
-1.36201 -1.36221
-1.38453 -1.38464
-1.38052 -1.38036
-1.36898 -1.36949
-1.36549 -1.36582
-1.37105 -1.37072
-1.35031 -1.35045
-1.36965 -1.3696
-1.3695 -1.36937
-1.37646 -1.37668
-1.36911 -1.3691
-1.36282 -1.36304
-1.37815 -1.37808
-1.38728 -1.38717
-1.37301 -1.37282
-1.37085 -1.37059
-1.36581 -1.36615
-1.35723 -1.35733
-1.37678 -1.37673
-1.36659 -1.36665
-1.35835 -1.3583
-1.36707 -1.36679
-1.38111 -1.38112
-1.3735 -1.37384
-1.37403 -1.37393
-1.38024 -1.38044
-1.36216 -1.36194
-1.37848 -1.37827
-1.36798 -1.36781
-1.36924 -1.36894
-1.36036 -1.3606
-1.3725 -1.37255
-1.36137 -1.36109
-1.37906 -1.37899
-1.37141 -1.37112
-1.36934 -1.3694
-1.37402 -1.37404
-1.36595 -1.3658
-1.37337 -1.37319
-1.3577 -1.35759
-1.37194 -1.37183
-1.37995 -1.3797
-1.38353 -1.38368
-1.37417 -1.37407
-1.37413 -1.37401
-1.37482 -1.3748
-1.38912 -1.38899
-1.37216 -1.37236
-1.38488 -1.38504
-1.35914 -1.3591
-1.3819 -1.38178
-1.38157 -1.3816
-1.37119 -1.37094
-1.37313 -1.37278
-1.37383 -1.37359
-1.37153 -1.37126
-1.35716 -1.35716
-1.36277 -1.3627
-1.38611 -1.38608
-1.36781 -1.36755
-1.36766 -1.36734
-1.37426 -1.37403
-1.37504 -1.37478
-1.37804 -1.37802
-1.37122 -1.37138
-1.37368 -1.3737
-1.37815 -1.37793
-1.3678 -1.36789
-1.37002 -1.37001
-1.37069 -1.37027
-1.36209 -1.36192
-1.36984 -1.36998
-1.37792 -1.37786
-1.3597 -1.35968
