-1.46736 -1.4671
-1.46066 -1.46075
-1.45961 -1.45942
-1.47849 -1.47829
-1.46844 -1.46828
-1.45806 -1.45759
-1.47613 -1.47604
-1.4635 -1.46324
-1.4537 -1.45415
-1.46788 -1.46829
-1.45443 -1.4547
-1.44859 -1.44888
-1.45727 -1.45763
-1.46753 -1.46749
-1.44985 -1.44992
-1.45665 -1.45643
-1.45801 -1.45787
-1.45649 -1.4569
-1.45169 -1.45195
-1.46325 -1.46358
-1.46115 -1.46116
-1.459 -1.45897
-1.45843 -1.45826
-1.4672 -1.46715
-1.4706 -1.47061
-1.46558 -1.4654
-1.45763 -1.45737
-1.46208 -1.4622
-1.45286 -1.45299
-1.45307 -1.45322
-1.47129 -1.47148
-1.45886 -1.45873
-1.45609 -1.45629
-1.45506 -1.45518
-1.45435 -1.45425
-1.45759 -1.45771
-1.4624 -1.46214
-1.43912 -1.43897
-1.46009 -1.46046
-1.46136 -1.46113
-1.46537 -1.46561
-1.45389 -1.454
-1.46128 -1.46118
-1.44844 -1.4484
-1.44987 -1.45007
-1.46992 -1.46992
-1.45518 -1.45496
-1.46206 -1.46195
-1.46941 -1.46909
-1.46129 -1.46147
-1.45108 -1.45097
-1.44326 -1.44343
-1.4547 -1.45468
-1.46238 -1.46231
-1.45571 -1.45575
-1.46337 -1.46327
-1.45622 -1.45645
-1.45732 -1.45706
-1.46431 -1.46429
-1.4684 -1.46841
-1.4597 -1.45975
-1.46582 -1.46575
-1.46514 -1.46553
-1.45509 -1.45518
-1.46748 -1.46753
-1.4657 -1.46585
-1.45027 -1.45013
-1.46284 -1.46291
-1.45628 -1.45637
-1.47017 -1.47039
-1.46351 -1.4637
-1.45607 -1.45599
-1.46342 -1.46363
-1.47135 -1.47116
-1.4577 -1.45791
-1.44326 -1.44325
-1.45473 -1.45469
-1.44612 -1.44619
-1.46264 -1.46243
-1.45791 -1.45781
-1.44848 -1.44826
-1.47213 -1.47234
-1.46577 -1.46595
-1.46943 -1.46959
-1.4506 -1.45055
-1.47327 -1.4732
-1.45275 -1.45313
-1.46435 -1.46446
-1.45087 -1.45096
-1.47048 -1.47062
-1.45664 -1.45639
-1.45386 -1.45338
-1.46499 -1.46477
-1.4623 -1.46259
-1.45994 -1.45993
-1.46217 -1.46227
-1.46222 -1.46209
-1.45671 -1.45669
-1.44745 -1.44717
-1.46254 -1.46245
-1.45251 -1.45236
-1.46815 -1.46809
-1.45795 -1.45795
-1.4539 -1.45413
-1.46059 -1.46061
-1.46982 -1.46959
-1.45315 -1.45333
-1.47336 -1.47363
-1.46762 -1.46759
-1.44908 -1.44905
-1.46106 -1.46117
-1.44836 -1.44851
-1.45483 -1.45499
-1.46458 -1.46477
-1.44687 -1.44662
-1.44609 -1.44617
-1.46553 -1.46546
-1.45598 -1.45611
-1.46519 -1.46521
-1.4671 -1.4671
-1.46776 -1.46787
-1.46692 -1.46711
-1.45934 -1.45981
-1.46113 -1.46138
-1.45775 -1.45807
-1.46076 -1.46079
-1.45646 -1.45627
-1.45929 -1.45919
-1.46881 -1.46884
-1.46086 -1.46011
-1.47048 -1.47049
-1.45847 -1.45867
-1.46487 -1.46472
-1.44357 -1.44371
-1.47327 -1.47337
-1.4541 -1.45401
-1.45333 -1.45316
-1.46077 -1.46083
-1.46412 -1.46382
-1.43943 -1.43939
-1.46562 -1.46548
-1.453 -1.45318
-1.44679 -1.44673
-1.47786 -1.47778
-1.46017 -1.46
-1.45771 -1.45762
-1.46475 -1.46443
-1.4628 -1.4626
-1.46575 -1.46591
-1.46366 -1.46381
-1.4553 -1.45551
-1.46854 -1.46818
-1.45953 -1.45952
-1.46081 -1.46085
-1.46181 -1.46168
-1.45116 -1.45094
-1.45382 -1.45406
-1.46427 -1.46476
-1.46278 -1.46306
-1.44522 -1.44536
-1.4584 -1.45818
-1.45497 -1.45518
-1.45336 -1.45326
-1.45617 -1.45559
-1.46273 -1.46287
-1.45641 -1.45642
-1.47057 -1.47081
-1.45559 -1.45558
-1.44716 -1.44728
-1.44272 -1.44298
-1.45103 -1.45075
-1.4647 -1.46446
-1.46076 -1.4606
-1.47578 -1.47574
-1.46522 -1.46548
-1.46346 -1.46334
-1.4673 -1.46742
-1.45916 -1.45893
-1.4742 -1.47416
-1.46947 -1.46979
-1.45215 -1.45241
-1.45909 -1.4592
-1.4616 -1.46159
-1.4614 -1.46126
-1.46931 -1.46947
-1.46573 -1.46578
-1.46376 -1.46361
-1.451 -1.45125
-1.46851 -1.46838
-1.44315 -1.443
-1.45536 -1.45576
-1.46034 -1.46012
-1.45429 -1.45385
-1.46038 -1.46039
-1.45826 -1.45833
-1.46459 -1.46509
-1.45831 -1.45808
-1.47143 -1.47151
-1.47003 -1.46991
-1.45769 -1.45731
-1.45096 -1.45116
-1.46117 -1.46098
-1.45958 -1.45971
-1.46247 -1.4625
-1.46555 -1.46552
-1.46503 -1.46478
-1.45771 -1.45792
-1.46222 -1.46206
-1.45743 -1.45753
-1.45923 -1.4592
-1.46404 -1.46426
-1.45675 -1.45662
-1.45913 -1.45939
-1.45206 -1.45207
-1.46856 -1.46849
-1.47228 -1.4725
-1.45792 -1.45803
-1.47152 -1.47149
-1.45116 -1.45103
-1.46025 -1.4602
-1.45237 -1.45238
-1.45747 -1.45725
-1.4564 -1.45684
-1.44689 -1.4465
-1.45886 -1.45884
-1.47659 -1.47658
-1.46387 -1.46378
-1.46661 -1.46661
-1.46064 -1.46067
-1.46419 -1.46414
-1.44395 -1.44437
-1.46487 -1.46504
-1.45923 -1.45873
-1.45359 -1.45337
-1.46641 -1.4666
-1.46382 -1.46368
-1.45394 -1.45404
-1.45982 -1.45958
-1.44878 -1.44918
-1.4467 -1.44678
-1.46844 -1.46864
-1.45758 -1.45741
-1.4539 -1.45425
-1.43769 -1.43772
-1.46015 -1.46046
-1.46335 -1.46335
-1.46229 -1.46227
-1.44597 -1.44606
-1.45625 -1.45606
-1.45526 -1.45564
-1.46547 -1.46542
-1.45944 -1.45955
-1.43877 -1.43899
-1.47181 -1.47186
-1.46356 -1.46327
-1.45709 -1.45705
-1.44531 -1.44532
-1.46025 -1.46026
-1.45526 -1.45512
-1.46141 -1.4615
-1.45772 -1.45771
-1.47076 -1.47074
-1.46527 -1.46534
-1.46258 -1.46248
-1.46369 -1.46347
-1.4601 -1.46022
-1.462 -1.46179
-1.46539 -1.46515
-1.47309 -1.47297
-1.46936 -1.46939
-1.45921 -1.45929
-1.45701 -1.45681
-1.46104 -1.46081
-1.44799 -1.44799
-1.46554 -1.46567
-1.45253 -1.4524
-1.4724 -1.4724
-1.45553 -1.45558
-1.45203 -1.4524
-1.45001 -1.44965
-1.46257 -1.46243
-1.46652 -1.46637
-1.4602 -1.46042
-1.46623 -1.46628
-1.4688 -1.46879
-1.46239 -1.4628
-1.46335 -1.46323
-1.45523 -1.45528
-1.46682 -1.46701
-1.46639 -1.46638
-1.44877 -1.4488
-1.45909 -1.45922
-1.43726 -1.43736
-1.45242 -1.45237
-1.47156 -1.47164
-1.47075 -1.47059
-1.47377 -1.47388
-1.45746 -1.45732
-1.45157 -1.45178
-1.45626 -1.45605
-1.46147 -1.46146
-1.45926 -1.45944
-1.45603 -1.45563
-1.46596 -1.46565
-1.46482 -1.46469
-1.45037 -1.45049
-1.44585 -1.44611
-1.45042 -1.45041
-1.45714 -1.45745
-1.45876 -1.4589
-1.45891 -1.45891
-1.46304 -1.46324
-1.45536 -1.45514
-1.46359 -1.46344
-1.47134 -1.47116
-1.46454 -1.46466
-1.46235 -1.46206
-1.4659 -1.46571
-1.45759 -1.45719
-1.46321 -1.46335
-1.46589 -1.46596
-1.45918 -1.45931
-1.45818 -1.45819
-1.46083 -1.46105
-1.45548 -1.45559
-1.43326 -1.43308
-1.44574 -1.44567
-1.44984 -1.44983
-1.46745 -1.4676
-1.46665 -1.46679
-1.45641 -1.45632
-1.4597 -1.45961
-1.44586 -1.44569
-1.45811 -1.45845
-1.4765 -1.47645
-1.45948 -1.45976
-1.46603 -1.46617
-1.45196 -1.45187
-1.4655 -1.46525
-1.47086 -1.4711
-1.46062 -1.46071
-1.46314 -1.46326
-1.46157 -1.46162
-1.46334 -1.46301
-1.45435 -1.4544
-1.45852 -1.45863
-1.44184 -1.4419
-1.46225 -1.46224
-1.4581 -1.45777
-1.45277 -1.45265
-1.44652 -1.44626
-1.46073 -1.46041
-1.4638 -1.4641
-1.45197 -1.45216
-1.46213 -1.46224
-1.47311 -1.47325
-1.45647 -1.45652
-1.4663 -1.46645
-1.46317 -1.46313
-1.47259 -1.47266
-1.46098 -1.46047
-1.45891 -1.45901
-1.46171 -1.46177
-1.46005 -1.46015
-1.4638 -1.46361
-1.4511 -1.45078
