
  ========================================================================
                license information 
 Customer : 200000000037812
 ID       : LKO3413519

 License file is VALID, continuing with full version
  ========================================================================

   OpenMP run-time library returned nthreads = 10

 data group $actual step is not empty 
 due to the abend of ridft


 ridft (r06c34.bullx) : TURBOMOLE rev. V7-7 compiled 26 Oct 2022 at 08:57:28
 Copyright (C) 2022 TURBOMOLE GmbH, Karlsruhe


    2025-01-08 12:53:13.704 



                                  r i d f t

                        DFT program with RI approximation 
                                for coulomb part 




                                                 
                                 References:     
                                                 
          TURBOMOLE:                             
              R. Ahlrichs, M. Baer, M. Haeser, H. Horn, and
              C. Koelmel
              Electronic structure calculations on workstation
              computers: the program system TURBOMOLE
              Chem. Phys. Lett. 162: 165 (1989)
          Density Functional:                              
              O. Treutler and R. Ahlrichs                      
              Efficient Molecular Numerical Integration Schemes
              J. Chem. Phys. 102: 346 (1995)                   
          Parallel Version:                                
              Performance of parallel TURBOMOLE for Density    
              Functional Calculations                          
              M. v. Arnim and R. Ahlrichs                      
              J. Comp. Chem. 19: 1746 (1998)                   
          RI-J Method:                                     
              Auxiliary Basis Sets to approximate Coulomb      
              Potentials                                       
              Chem. Phys. Lett. 240: 283 (1995)                
              K. Eichkorn, O. Treutler, H. Oehm, M. Haeser     
              and R. Ahlrichs                                  
              Chem. Phys. Lett. 242: 652 (1995)                
                                                           
              Auxiliary Basis Sets for Main Row Atoms and their
              Use to approximate Coulomb Potentials            
              K. Eichkorn, F. Weigend, O. Treutler and         
              R. Ahlrichs                                      
              Theo. Chem. Acc. 97: 119 (1997)                   
                                                           
              Accurate Coulomb-fitting basis sets for H to Rn 
              F. Weigend                                        
              Phys. Chem. Chem. Phys. 8: 1057 (2006)            
                                                           
          Multipole accelerated RI-J (MARI-J):             
              Fast evaluation of the Coulomb potential for     
              electron densities using multipole accelerated   
              resolution of identity approximation             
              M. Sierka, A. Hogekamp and R. Ahlrichs           
              J. Chem. Phys. 118: 9136 (2003)                  
          RI-JK Method:                                     
              A fully direct RI-HF algorithm: Implementation,
              optimised auxiliary basis sets, demonstration of
              accuracy and efficiency                         
              F. Weigend                                      
              Phys. Chem. Chem. Phys. 4: 4285 (2002)           
          Two-component HF and DFT with spin-orbit coupling:  
              Self-consistent treatment of spin-orbit         
              interactions with efficient Hartree-Fock and    
              density functional methods                      
              M. K. Armbruster, F. Weigend, C. van Wüllen and 
              W. Klopper                                      
              Phys. Chem. Chem. Phys. 10: 1748 (2008)         
          Two-component difference density and DIIS algorithm 
              Efficient two-component self-consistent field   
              procedures and gradients: implementation in     
              TURBOMOLE and application to Au20-              
              A. Baldes, F. Weigend                           
              Mol. Phys. 111: 2617 (2013)                     
          Relativistic all-electron 2c calculations           
              An efficient implementation of two-component    
              relativistic exact-decoupling methods for large 
              molecules                                       
              D. Peng, N. Middendorf, F. Weigend, M. Reiher   
              J. Chem. Phys. 138: 184105 (2013)               
          Finite nucleus model and SNSO approximation         
              Efficient implementation of one- and two-       
              component analytical energy gradients in exact  
              two-component theory                            
              Y. J. Franzke, N. Middendorf, F. Weigend        
              J. Chem. Phys. 148: 104110 (2018)               
          Grids for all-electron relativistic methods         
              Error-consistent segmented contracted all-      
              electron relativistic basis sets of double-     
              and triple-zeta quality for NMR shielding       
              constants                                       
              Y. J. Franzke, R. Tress, T. M. Pazdera,         
              F. Weigend                                      
              Phys. Chem. Chem. Phys. 21: 166658 (2019)       
          Seminumerical exchange algorithms                   
              Seminumerical calculation of the Hartree-Fock   
              exchange matirx: Application to two-component   
              procedures and efficient evaluation of local    
              hybrid functionsl                               
               P. Plessow, F. Weigend,                        
              J. Comput. Chem. 33: 810 (2012)                 
          Improved seminumerical algorithms                   
              C. Holzer,                                      
              J. Chem. Phys. 153 (2020), 184115               
                                         





          OpenMP Shared-Memory Parallelization: 10 CPUs.

            By: Christof Holzer and Yannick J. Franzke


              +--------------------------------------------------+
              |      general information about current run       |
              +--------------------------------------------------+

 
 PBE0 hybrid functional
 exchange:    3/4 (LDA+PBE) + 1/4 HF
 correlation: LDA (PW) + PBE

 -------------------------------------------------
 ------     SEMINUMERICAL CALCULATION       ------
 ------     using the semiJK algorithm      ------
 -------------------------------------------------

 using tight bounds in seminumeric procedure
 using tight integral bounds for s-junctions
 using tight integral bounds for p-junctions
 threshold for f-junctions:   0.100000000000E-12
 threshold for k-junctions:   0.100000000000E-09
 threshold for near field :   0.100000000000E-04
 max. BF   for near field :        0
 using cholesky decomposed overlap metric in seminumeric procedure
 A Hybrid-DFT calculation using seminumeric exchange will be carried out.
 Allocatable memory for RI due to $ricore (MB):                   500
 Multipole approximation for Coulomb integrals is used


              +--------------------------------------------------+
              | Atomic coordinate, charge and isotop information |
              +--------------------------------------------------+

                    atomic coordinates            atom    charge  isotop
         25.96762211   22.47800817   30.06049131    c      6.000     0
         23.61375844   23.92185668   30.33742875    c      6.000     0
         21.49640055   22.23831710   29.87781130    c      6.000     0
         22.50756424   19.87187529   28.80901620    c      6.000     0
         25.32628736   19.89446362   29.01731678    c      6.000     0
         17.71674216   26.19684910   25.84182878    c      6.000     0
         17.08208038   23.60668886   24.90037127    c      6.000     0
         17.99296558   21.70839562   26.61683292    c      6.000     0
         19.28864318   23.02564005   28.64432067    c      6.000     0
         19.17936808   25.74805594   28.06555797    c      6.000     0
         19.20425281   18.82339510   23.26057498    c      6.000     0
         21.52409132   17.45936182   22.60673282    c      6.000     0
         22.77482004   17.27195987   24.99360059    c      6.000     0
         21.31130815   18.45816843   26.98810435    c      6.000     0
         18.99339076   19.40471534   25.84978393    c      6.000     0
         26.67596792   17.81166633   22.77681480    c      6.000     0
         28.68121438   19.39632473   23.24015282    c      6.000     0
         28.71062487   20.04417352   25.96447001    c      6.000     0
         26.69691445   18.76676324   27.05480468    c      6.000     0
         25.41662786   17.42427661   25.02955348    c      6.000     0
         30.02570049   24.38898748   24.89345845    c      6.000     0
         29.08374071   26.87681028   25.86289896    c      6.000     0
         27.68432135   26.29119413   28.08120137    c      6.000     0
         28.00539285   23.65580434   28.80316343    c      6.000     0
         29.25138655   22.45924003   26.65374169    c      6.000     0
         24.55140670   29.63322573   26.97736737    c      6.000     0
         21.83994316   29.33652705   26.90393707    c      6.000     0
         21.14304709   27.38517079   28.64376690    c      6.000     0
         23.51248422   26.41893172   29.75089995    c      6.000     0
         25.51116228   27.69575291   28.54798408    c      6.000     0
         21.77862851   29.88342747   22.11716967    c      6.000     0
         20.50514441   28.51917135   20.10278861    c      6.000     0
         18.44120793   27.25890475   21.25744034    c      6.000     0
         18.31992136   27.88036092   23.92137061    c      6.000     0
         20.47345701   29.43741387   24.49790385    c      6.000     0
         17.82108019   24.85219905   20.45074077    c      6.000     0
         19.24494742   23.52721630   18.49089380    c      6.000     0
         19.60071850   20.88615816   19.22112512    c      6.000     0
         18.22776479   20.60262291   21.48723523    c      6.000     0
         17.18495151   22.94186284   22.26451719    c      6.000     0
         21.79220757   19.64022888   18.61210785    c      6.000     0
         23.94937510   20.74706139   17.34719822    c      6.000     0
         26.13080081   19.83685898   18.67286774    c      6.000     0
         25.53001452   17.88858281   20.38039101    c      6.000     0
         22.84827944   17.65043431   20.33730920    c      6.000     0
         28.21820931   21.46163643   19.23139763    c      6.000     0
         27.90910061   24.03337781   18.55917726    c      6.000     0
         29.16043241   25.45380348   20.50810909    c      6.000     0
         30.18052324   23.79445303   22.34834350    c      6.000     0
         29.64747844   21.20548858   21.66802170    c      6.000     0
         28.18942863   27.83143993   21.31045719    c      6.000     0
         25.80008857   28.65844749   20.28666683    c      6.000     0
         24.39859005   29.97367935   22.27753739    c      6.000     0
         25.78486830   29.72633805   24.59202776    c      6.000     0
         28.10617452   28.48099132   23.93448463    c      6.000     0
         24.71490301   27.34477841   18.39347963    c      6.000     0
         25.63776155   25.01647652   17.53304228    c      6.000     0
         23.67451455   23.38395138   16.77212708    c      6.000     0
         21.28585838   24.78736104   17.32299746    c      6.000     0
         21.95446917   27.02725064   18.35042116    c      6.000     0
 
       center of nuclear mass  :   23.62133550   23.62374296   23.62172229
       center of nuclear charge:   23.62133550   23.62374296   23.62172229

              +--------------------------------------------------+
              |               basis set information              |
              +--------------------------------------------------+

              we will work with the 1s 3p 5d 7f 9g ... basis set
              ...i.e. with spherical basis functions...

   type   atoms  prim   cont   basis
   ---------------------------------------------------------------------------
    c       60     49     34   x2c-TZVPall-s   [5s4p2d1f|11s7p2d1f]
   ---------------------------------------------------------------------------
   total:   60   2940   2040
   ---------------------------------------------------------------------------

   total number of primitive shells          :   21
   total number of contracted shells         :  720
   total number of cartesian basis functions : 2340
   total number of SCF-basis functions       : 2040


 integral neglect threshold       :  0.14E-12
 integral storage threshold THIZE :  0.10E-04
 integral storage threshold THIME :         5

 RI-J AUXILIARY BASIS SET information:

              we will work with the 1s 3p 5d 7f 9g ... basis set
              ...i.e. with spherical basis functions...

   type   atoms  prim   cont   basis
   ---------------------------------------------------------------------------
    c       60     70     70   x2c-TZVPall-s   [12s5p4d2f1g|12s5p4d2f1g]
   ---------------------------------------------------------------------------
   total:   60   4200   4200
   ---------------------------------------------------------------------------

   total number of primitive shells          :   24
   total number of contracted shells         : 1440
   total number of cartesian basis functions : 5160
   total number of SCF-basis functions       : 4200


 symmetry group of the molecule :   c1 

 the group has the following generators :
   c1(z)

    1 symmetry operations found

 there are 1 real representations :   a   

 maximum number of shells which are related by symmetry :  1

  
           ------------------
           seminumerical grid
           ------------------
 iterations will be done with small grid
  
 spherical integration : Lebedev's spherical grid
 spherical gridsize    :                     3
    i.e. gridpoints    :                   302
  maximum batchsize    :                   100
 value for diffuse not defined
 radial integration    : Chebyshev 2nd kind (scaling 3)
 radial gridsize       :                     3
 integration cells     :                    60
 partition function    : becke
 partition sharpness   :                     3
  
  
           ------------------
           density functional
           ------------------
 PBE0 hybrid functional
 exchange:    3/4 (LDA+PBE) + 1/4 HF
 correlation: LDA (PW) + PBE
 spherical integration : Lebedev's spherical grid
 spherical gridsize    :                     4
    i.e. gridpoints    :                   434
  maximum batchsize    :                   100
 value for diffuse not defined
 radial integration    : Chebyshev 2nd kind (scaling 3)
 radial gridsize       :                     6
 integration cells     :                    60
 partition function    : becke
 partition sharpness   :                     3
  
 grids with increased radial size are used

 biggest AO integral is expected to be     5.730030563

          ------------------------
          nuclear repulsion energy  :   8364.75550259    
          ------------------------

 DLU local scheme used in DKH/X2C/BSS
 
          -------------------
          S,T,V,pVp integrals
          -------------------
 

 maximum number of shells which are related by symmetry :  1


 Using finite size model (Gaussian charge distribution) for the nuclei. 
 RMS radius: c        0.248455E-02 pm,    0.469513E-04 a.u.

 1e-integrals will be neglected if expon. factor < 0.142819E-13


  Performing local relativistic X2C transformation
 
 Estimated memory requirements for X2C quantities in MB:                   257
 
 
 Difference densities algorithm switched on.
 The maximal number of linear combinations of
 difference densities is  20.

 DIIS switched on: error vector is FDS-SDF
 Max. Iterations for DIIS is     :   4
 DIIS matrix (see manual) 
    Scaling factor of diagonals  :  1.200
    threshold for scaling factor :  0.000

 scf convergence criterion : increment of total energy < .1000000D-07
                  and increment of one-electron energy < .1000000D-04


   ----> a dscf RESTART run will be tried ! <----

 $restart flag 'dscf' will be switched off !

 MOs are in ASCII format !


    mo occupation :
   irrep   mo's   occupied
    a     2040      180
 
 number of basis functions   :  2040
 number of occupied orbitals :   180
 

 reading orbital data $scfmo  from file mos
 orbital characterization : scfconv=8

 restart only if MO data block has keyword scfdump and only if all MOs (occ. & virt.) are given!
 MOs are complete... continue, but flag $restart will be ignored...
 mo-orthogonalization by Cholesky decomposition

 automatic virtual orbital shift switched on 
      shift if e(lumo)-e(homo) < 0.10000000    

  
           ------------------------
               RI-J - INFORMATION
           ------------------------
 
    +---------------- Multipole Accelerated RI-J ---------------+
    -------------------------------------------------------------
      Number of bins for density partition        :  8
      Maximum multipole moment used               : 14
      Multipole precision parameter               :  1.0000E-08
      Threshold for moment summation              :  1.0000E-24
      Minimum separation between boxes            :  0.0000E+00
      Maximum allowed extent                      :  2.0000E+01
    +-----------------------------------------------------------+
 
 Extensions and centers of shell-pairs:
  number of shells with a single center:   154496
  number of shells with double centers:     11978
 Contributions to RI integral batches: 
  neglected integral batches:                     93086
  multipole/direct contribution:                 163111
  multipole/memory contribution:                   3363
 Memory core needed for (P|Q) and Cholesky    135 MByte
 Memory core minimum needed except of (P|Q)     4 MByte
 Total minimum memory core needed (sum)       139 MByte
  
 ****************************************
 Memory allocated for RI-J   500 MByte
 ****************************************
                                            

     number of negle          Overall gridpoints after grid construction =        661774

 ITERATION  ENERGY          1e-ENERGY        2e-ENERGY     NORM[dD(SAO)]  TOL
   1  -2218.5692038695    -19575.466286     8992.1415791    0.000D+00 0.142D-12
                            Exc = -2          Overall gridpoints after grid construction =        661774

 ITERATION  ENERGY          1e-ENERGY        2e-ENERGY     NORM[dD(SAO)]  TOL
   1  -2218.5692038695    -19575.466286     8992.1415791    0.000D+00 0.142D-12
                            Exc = -244.591300453     Coul =  9310.60326387    
                           snK = -73.8703842988    
     
 ITERATION  ENERGY          1e-ENERGY        2e-ENERGY     NORM[dD(SAO)]  TOL
   2  -2240.8684718652    -19640.835357     9035.2113824    0.431D+02 0.107D-12
                            Exc = -244.565299522      Eck =  9279.77668197    
                          
 ITERATION  ENERGY          1e-ENERGY        2e-ENERGY     NORM[dD(SAO)]  TOL
   2  -2240.8684718651    -19640.835357     9035.2113824    0.431D+02 0.107D-12
                            Exc = -244.565299522      Eck =  9279.77668196    
                              N = 360.00024647    
                            current damping = 3.250
 
          N
 ITERATION  ENERGY          1e-ENERGY        2e-ENERGY     NORM[dD(SAO)]  TOL
   3  -2258.4180092784    -19676.682128     9053.5086163    0.161D+02 0.107D-12
                            Exc = -244.613626509      Eck =  9298.12224281    
                          
 ITERATION  ENERGY          1e-ENERGY        2e-ENERGY     NORM[dD(SAO)]  TOL
   3  -2258.4180092789    -19676.682128     9053.5086163    0.161D+02 0.107D-12
                            Exc = -244.613626509      Eck =  9298.12224281    
                              N = 360.00019037    
                            current damping = 3.150
 
          N
 ITERATION  ENERGY          1e-ENERGY        2e-ENERGY     NORM[dD(SAO)]  TOL
   4  -2270.4741494576    -19708.572976     9073.3433243    0.873D+01 0.886D-13
                            Exc = -244.984233623      Eck =  9318.32755796    
                          
 ITERATION  ENERGY          1e-ENERGY        2e-ENERGY     NORM[dD(SAO)]  TOL
   4  -2270.4741494577    -19708.572976     9073.3433243    0.873D+01 0.886D-13
                            Exc = -244.984233623      Eck =  9318.32755796    
                              N = 360.00012662    
                            current damping = 3.050
 
          N
 ITERATION  ENERGY          1e-ENERGY        2e-ENERGY     NORM[dD(SAO)]  TOL
   5  -2277.4886169119    -19727.270541     9085.0264216    0.560D+01 0.734D-13
                            Exc = -245.328322051      Eck =  9330.35474364    
                          
 ITERATION  ENERGY          1e-ENERGY        2e-ENERGY     NORM[dD(SAO)]  TOL
   5  -2277.4886169119    -19727.270541     9085.0264216    0.560D+01 0.734D-13
                            Exc = -245.328322051      Eck =  9330.35474364    
                              N = 360.00009964    
                            current damping = 2.950
 
          Norm of current diis error:  10.478    
          max. r
 ITERATION  ENERGY          1e-ENERGY        2e-ENERGY     NORM[dD(SAO)]  TOL
   6  -2281.1632076764    -19737.692957     9091.7742469    0.472D+01 0.629D-13
                            Exc = -245.572238109      Eck =  9337.34648504    
                          
 ITERATION  ENERGY          1e-ENERGY        2e-ENERGY     NORM[dD(SAO)]  TOL
   6  -2281.1632076762    -19737.692957     9091.7742469    0.472D+01 0.629D-13
                            Exc = -245.572238109      Eck =  9337.34648504    
                              N = 360.00007938    
    
 ITERATION  ENERGY          1e-ENERGY        2e-ENERGY     NORM[dD(SAO)]  TOL
   7  -2283.1172452603    -19743.047865     9095.1751168    0.397D+01 0.563D-13
                            Exc = -245.760053502      Eck =  9340.93517033    
                          
 ITERATION  ENERGY          1e-ENERGY        2e-ENERGY     NORM[dD(SAO)]  TOL
   7  -2283.1172452603    -19743.047865     9095.1751168    0.397D+01 0.563D-13
                            Exc = -245.760053502      Eck =  9340.93517033    
                              N = 360.00005851    
    
 ITERATION  ENERGY          1e-ENERGY        2e-ENERGY     NORM[dD(SAO)]  TOL
   8  -2284.1830068424    -19747.040470     9098.1019607    0.284D+01 0.509D-13
                            Exc = -245.895277249      Eck =  9343.99723797    
                          
 ITERATION  ENERGY          1e-ENERGY        2e-ENERGY     NORM[dD(SAO)]  TOL
   8  -2284.1830068425    -19747.040470     9098.1019607    0.284D+01 0.509D-13
                            Exc = -245.895277249      Eck =  9343.99723797    
                              N = 360.00005029    
    
 ITERATION  ENERGY          1e-ENERGY        2e-ENERGY     NORM[dD(SAO)]  TOL
   9  -2284.6749950322    -19749.060658     9099.6301602    0.135D+01 0.459D-13
                            Exc = -245.992965062      Eck =  9345.62312530    
                          
 ITERATION  ENERGY          1e-ENERGY        2e-ENERGY     NORM[dD(SAO)]  TOL
   9  -2284.6749950324    -19749.060658     9099.6301602    0.135D+01 0.459D-13
                            Exc = -245.992965062      Eck =  9345.62312530    
                              N = 360.00003956    
    
 ITERATION  ENERGY          1e-ENERGY        2e-ENERGY     NORM[dD(SAO)]  TOL
  10  -2284.9229270933    -19750.608944     9100.9305139    0.694D+00 0.417D-13
                            Exc = -246.064419062      Eck =  9346.99493293    
                          
 ITERATION  ENERGY          1e-ENERGY        2e-ENERGY     NORM[dD(SAO)]  TOL
  10  -2284.9229270933    -19750.608944     9100.9305139    0.694D+00 0.417D-13
                            Exc = -246.064419062      Eck =  9346.99493293    
                              N = 360.00003467    
                            current damping = 2.450
 
     
 ITERATION  ENERGY          1e-ENERGY        2e-ENERGY     NORM[dD(SAO)]  TOL
  11  -2285.0474676754    -19751.585882     9101.7829112    0.416D+00 0.380D-13
                            Exc = -246.115395920      Eck =  9347.89830717    
                          
 ITERATION  ENERGY          1e-ENERGY        2e-ENERGY     NORM[dD(SAO)]  TOL
  11  -2285.0474676754    -19751.585882     9101.7829112    0.416D+00 0.380D-13
                            Exc = -246.115395920      Eck =  9347.89830717    
                              N = 360.00002916    
    
 ITERATION  ENERGY          1e-ENERGY        2e-ENERGY     NORM[dD(SAO)]  TOL
  12  -2285.1113111601    -19752.301861     9102.4350474    0.324D+00 0.351D-13
                            Exc = -246.151598109      Eck =  9348.58664546    
                          
 ITERATION  ENERGY          1e-ENERGY        2e-ENERGY     NORM[dD(SAO)]  TOL
  12  -2285.1113111601    -19752.301861     9102.4350474    0.324D+00 0.351D-13
                            Exc = -246.151598109      Eck =  9348.58664546    
                              N = 360.00002758    
    
 ITERATION  ENERGY          1e-ENERGY        2e-ENERGY     NORM[dD(SAO)]  TOL
  13  -2285.1447719375    -19752.661592     9102.7613175    0.230D+00 0.329D-13
                            Exc = -246.175652775      Eck =  9348.93697032    
                          
 ITERATION  ENERGY          1e-ENERGY        2e-ENERGY     NORM[dD(SAO)]  TOL
  13  -2285.1447719375    -19752.661592     9102.7613175    0.230D+00 0.329D-13
                            Exc = -246.175652775      Eck =  9348.93697032    
                              N = 360.00002443    
    
 ITERATION  ENERGY          1e-ENERGY        2e-ENERGY     NORM[dD(SAO)]  TOL
  14  -2285.1615588186    -19752.981611     9103.0645494    0.753D-01 0.312D-13
                            Exc = -246.192989808      Eck =  9349.25753917    
                          
 ITERATION  ENERGY          1e-ENERGY        2e-ENERGY     NORM[dD(SAO)]  TOL
  14  -2285.1615588187    -19752.981611     9103.0645494    0.753D-01 0.312D-13
                            Exc = -246.192989808      Eck =  9349.25753917    
                              N = 360.00002340    
    
 ITERATION  ENERGY          1e-ENERGY        2e-ENERGY     NORM[dD(SAO)]  TOL
  15  -2285.1694041824    -19753.164805     9103.2398984    0.443D-01 0.299D-13
                            Exc = -246.204572078      Eck =  9349.44447048    
                          
 ITERATION  ENERGY          1e-ENERGY        2e-ENERGY     NORM[dD(SAO)]  TOL
  15  -2285.1694041826    -19753.164805     9103.2398984    0.443D-01 0.299D-13
                            Exc = -246.204572078      Eck =  9349.44447048    
                              N = 360.00002211    
                            current damping = 1.800
 
     
 ITERATION  ENERGY          1e-ENERGY        2e-ENERGY     NORM[dD(SAO)]  TOL
  16  -2285.1729874821    -19753.288813     9103.3603226    0.205D-01 0.290D-13
                            Exc = -246.212527582      Eck =  9349.57285015    
                              N = 360.00002155    
                            current damping = 1.650
 
          Norm of current diis error: 0.21488    
          max. resid. norm for Fia-block=  4.887D-03 for orbital      8a         
          max. resid. fock norm         =  6.586D-02 for orbital   2031a         

 ITERATION  ENERGY          1e-ENERGY        2e-ENERGY     NORM[dD(SAO)]  TOL
  17  -2285.1745488832    -19753.366816     9103.4367643    0.113D-01 0.284D-13
                            Exc = -246.217766420      Eck =  9349.65453071    
                              N = 360.00002083    
                            current damping = 1.500
 
          Norm of current diis error: 0.13888    
          max. resid. norm for Fia-block=  2.976D-03 for orbital     17a         
          max. resid. fock norm         =  4.111D-02 for orbital   2032a         

 ITERATION  ENERGY          1e-ENERGY        2e-ENERGY     NORM[dD(SAO)]  TOL
  18  -2285.1752317946    -19753.424285     9103.4935502    0.510D-02 0.279D-13
                            Exc = -246.221224043      Eck =  9349.71477427    
                              N = 360.00002068    
                            current damping = 1.350
 
          Norm of current diis error: 0.86124E-01
          max. resid. norm for Fia-block=  1.821D-03 for orbital      7a         
          max. resid. fock norm         =  2.457D-02 for orbital   2031a         

 ITERATION  ENERGY          1e-ENERGY        2e-ENERGY     NORM[dD(SAO)]  TOL
  19  -2285.1755148524    -19753.446182     9103.5151648    0.331D-02 0.276D-13
                            Exc = -246.223153557      Eck =  9349.73831833    
                              N = 360.00002035    
                            current damping = 1.200
 
          Norm of current diis error: 0.48110E-01
          max. resid. norm for Fia-block=  1.079D-03 for orbital     13a         
          max. resid. fock norm         =  1.411D-02 for orbital   2032a         

 ITERATION  ENERGY          1e-ENERGY        2e-ENERGY     NORM[dD(SAO)]  TOL
  20  -2285.1756105464    -19753.465937     9103.5348240    0.294D-02 0.274D-13
                            Exc = -246.224373360      Eck =  9349.75919733    
                              N = 360.00002024    
                            current damping = 1.050
 
          Norm of current diis error: 0.26238E-01
          max. resid. norm for Fia-block=  5.719D-04 for orbital      9a         
          max. resid. fock norm         =  7.686D-03 for orbital   2037a         
          mo-orthogonalization: Cholesky decomposition

 ITERATION  ENERGY          1e-ENERGY        2e-ENERGY     NORM[dD(SAO)]  TOL
  21  -2285.1756403705    -19753.474214     9103.5430714    0.144D-02 0.273D-13
                            Exc = -246.225045680      Eck =  9349.76811713    
                              N = 360.00002015    
                            current damping = 0.900
 
          Norm of current diis error: 0.14292E-01
          max. resid. norm for Fia-block=  3.057D-04 for orbital     12a         
          max. resid. fock norm         =  3.956D-03 for orbital   2031a         

 ITERATION  ENERGY          1e-ENERGY        2e-ENERGY     NORM[dD(SAO)]  TOL
  22  -2285.1756463481    -19753.479887     9103.5487377    0.144D-02 0.142D-12
                            Exc = -246.225429013     Coul =  9427.76980736    
                           snK = -77.9956406615    
                              N = 360.00002011    
                            current damping = 0.750
 
          Norm of current diis error: 0.79433E-02
          max. resid. norm for Fia-block=  2.236D-04 for orbital     11a         
          max. resid. fock norm         =  1.875D-03 for orbital   2037a         

 ITERATION  ENERGY          1e-ENERGY        2e-ENERGY     NORM[dD(SAO)]  TOL
  23  -2285.1756492632    -19753.481810     9103.5506585    0.678D-01 0.902D-13
                            Exc = -246.225605320      Eck =  9349.77626385    
                              N = 360.00002008    
                            current damping = 0.600
 
          Norm of current diis error: 0.33984E-02
          max. resid. norm for Fia-block=  1.371D-04 for orbital     12a         
          max. resid. fock norm         =  8.041D-04 for orbital   2031a         

 ITERATION  ENERGY          1e-ENERGY        2e-ENERGY     NORM[dD(SAO)]  TOL
  24  -2285.1756497376    -19753.482883     9103.5517303    0.116D-01 0.661D-13
                            Exc = -246.225686139      Eck =  9349.77741640    
                              N = 360.00002007    
                            current damping = 0.450
 
          Norm of current diis error: 0.13442E-02
          max. resid. norm for Fia-block=  2.946D-05 for orbital    177a         
          max. resid. fock norm         =  3.000D-04 for orbital   2038a         

 ITERATION  ENERGY          1e-ENERGY        2e-ENERGY     NORM[dD(SAO)]  TOL
  25  -2285.1756497716    -19753.483416     9103.5522640    0.245D-02 0.618D-13
                            Exc = -246.225718461      Eck =  9349.77798250    
                              N = 360.00002006    
                            current damping = 0.300
 
          Norm of current diis error: 0.10100E-02
          max. resid. norm for Fia-block=  1.468D-05 for orbital    179a         
          max. resid. fock norm         =  9.799D-05 for orbital   2040a         
          mo-orthogonalization: Cholesky decomposition

 ITERATION  ENERGY          1e-ENERGY        2e-ENERGY     NORM[dD(SAO)]  TOL
  26  -2285.1756498137    -19753.483371     9103.5522188    0.202D-02 0.584D-13
                            Exc = -246.225729983      Eck =  9349.77794877    
                              N = 360.00002006    
                            current damping = 0.350
 
          Norm of current diis error: 0.30297E-03
          max. resid. norm for Fia-block=  5.445D-06 for orbital    180a         
          max. resid. fock norm         =  2.422D-05 for orbital   2036a         

 ITERATION  ENERGY          1e-ENERGY        2e-ENERGY     NORM[dD(SAO)]  TOL
  27  -2285.1756498172    -19753.483474     9103.5523213    0.476D-03 0.561D-13
                            Exc = -246.225732605      Eck =  9349.77805393    
                              N = 360.00002006    
                            current damping = 0.400
 
          Norm of current diis error: 0.22207E-03
          max. resid. norm for Fia-block=  3.084D-06 for orbital    178a         
          max. resid. fock norm         =  9.614D-06 for orbital   2038a         

 ENERGY CONVERGED !

          Overall gridpoints after grid construction =        339432

 ITERATION  ENERGY          1e-ENERGY        2e-ENERGY     NORM[dD(SAO)]  TOL
  28  -2285.1748924662    -19753.483486     9103.5530912    0.241D-03 0.548D-13
                            Exc = -246.225733090      Eck =  9349.77806695    
                              N = 360.00002006    
                            current damping = 0.250
 
          Norm of current diis error: 0.10847E-03
          max. resid. norm for Fia-block=  1.751D-06 for orbital    180a         
          max. resid. fock norm         =  4.644D-06 for orbital   1984a         

 End of SCF iterations

   convergence criteria satisfied after    28 iterations


                  ------------------------------------------ 
                 |  total energy      =  -2285.17489246621  |
                  ------------------------------------------ 
                 :  kinetic energy    =   2275.28516402422  :
                 :  potential energy  =  -4560.46005649042  :
                 :  virial theorem    =      1.99567222252  :
                 :  wavefunction norm =      1.00000000000  :
                  .......................................... 


 orbitals $scfmo  will be written to file mos

    irrep                176a        177a        178a        179a        180a   
 eigenvalues H         -0.25187    -0.24218    -0.23768    -0.23705    -0.23467
            eV          -6.8537     -6.5901     -6.4675     -6.4506     -6.3859
 occupation              2.0000      2.0000      2.0000      2.0000      2.0000

    irrep                181a        182a        183a        184a        185a   
 eigenvalues H         -0.13952    -0.13664    -0.13074    -0.09447    -0.08768
            eV          -3.7966     -3.7181     -3.5577     -2.5707     -2.3858
 
 
 
 
 ==============================================================================
                           electrostatic moments
 ==============================================================================

 reference point for electrostatic moments:    0.00000   0.00000   0.00000

 
              nuc           elec       ->  total
 ------------------------------------------------------------------------------
                          charge      
 ------------------------------------------------------------------------------
         360.000000    -360.000037      -0.000037
 
 ------------------------------------------------------------------------------
                       dipole moment  
 ------------------------------------------------------------------------------
   x    8503.680779   -8503.612695       0.068084
   y    8504.547464   -8504.570033      -0.022569
   z    8503.820025   -8503.837345      -0.017320
 
   | dipole moment | =     0.0738 a.u. =     0.1876 debye 
 
 ------------------------------------------------------------------------------
                     quadrupole moment
 ------------------------------------------------------------------------------
  xx  206174.603916 -206417.825401    -243.221485
  yy  206229.798833 -206477.237716    -247.438883
  zz  206304.627969 -206551.830419    -247.202450
  xy  200775.602647 -200774.847587       0.755060
  xz  200895.979266 -200894.378469       1.600797
  yz  201005.695895 -201006.403682      -0.707787
 
     1/3  trace=    -245.954273
     anisotropy=       5.267457
 
 ==============================================================================
 
HOMO-LUMO Separation
 HOMO         :   -0.23467433 H =     -6.38582 eV
 LUMO         :   -0.13952245 H =     -3.79660 eV
 HOMO-LUMO gap:    0.09515187 H =     +2.58922 eV
 
 ==============================================================================


    ------------------------------------------------------------------------
         total  cpu-time : 18 hours 42 minutes and 50 seconds
         total wall-time :  1 hours 53 minutes and 33 seconds
    ------------------------------------------------------------------------

   ****  ridft : all done  ****


    2025-01-08 14:45:12.016 

  ------------------------------------------------------------------------
         total  cpu-time : 17 hours  8 minutes and 28 seconds
         total wall-time :  1 hours 44 minutes and  0 seconds
    ------------------------------------------------------------------------

   ****  ridft : all done  ****


    2025-01-08 14:37:13.682 

