-0.480089 -0.480258
-0.48448 -0.484223
-0.479348 -0.479345
-0.474521 -0.474614
-0.486958 -0.487174
-0.47848 -0.478446
-0.475362 -0.475432
-0.473733 -0.473875
-0.483254 -0.483286
-0.473871 -0.473717
-0.475414 -0.475216
-0.483382 -0.483417
-0.480545 -0.480708
-0.490291 -0.490193
-0.463561 -0.463455
-0.472499 -0.472397
-0.47944 -0.479395
-0.458227 -0.458529
-0.4723 -0.471914
-0.475294 -0.475646
-0.471423 -0.471615
-0.487391 -0.487523
-0.472611 -0.472616
-0.476957 -0.476688
-0.472718 -0.472915
-0.469944 -0.469875
-0.474787 -0.475045
-0.473192 -0.473233
-0.479473 -0.479228
-0.466283 -0.466461
-0.456056 -0.456352
-0.47457 -0.474308
-0.479285 -0.479365
-0.486199 -0.486231
-0.462716 -0.463064
-0.473668 -0.473375
-0.47312 -0.473227
-0.465596 -0.465212
-0.478531 -0.478548
-0.473002 -0.472943
-0.472657 -0.472727
-0.466878 -0.466735
-0.47111 -0.470907
-0.465956 -0.465747
-0.46984 -0.469706
-0.465825 -0.465848
-0.470139 -0.469841
-0.487881 -0.487753
-0.485011 -0.485053
-0.470874 -0.47078
-0.48967 -0.489508
-0.467954 -0.468332
-0.480687 -0.480706
-0.478225 -0.478272
-0.483595 -0.483589
-0.478967 -0.478759
-0.459785 -0.459768
-0.472039 -0.471914
-0.479765 -0.479735
-0.484188 -0.48413
-0.473884 -0.473664
-0.461214 -0.461268
-0.480676 -0.480732
-0.481059 -0.481094
-0.467709 -0.468048
-0.473294 -0.473354
-0.476205 -0.476231
-0.460435 -0.46055
-0.479783 -0.479921
-0.469672 -0.469694
-0.480349 -0.480765
-0.477263 -0.477342
-0.476325 -0.476316
-0.467902 -0.468014
-0.470052 -0.469999
-0.46724 -0.467052
-0.468686 -0.468646
-0.472416 -0.472572
-0.472784 -0.472754
-0.477226 -0.476957
-0.475241 -0.475194
-0.480152 -0.480437
-0.472214 -0.471745
-0.483998 -0.484217
-0.464258 -0.464363
-0.480018 -0.479895
-0.472468 -0.472326
-0.470511 -0.470698
-0.480092 -0.480179
-0.471323 -0.471229
-0.47503 -0.475153
-0.464725 -0.464945
-0.486736 -0.486817
-0.484976 -0.485033
-0.468391 -0.468545
-0.479405 -0.479207
-0.483832 -0.483719
-0.481969 -0.481519
-0.480017 -0.479904
-0.476762 -0.476636
-0.472083 -0.471929
-0.476657 -0.476736
-0.48135 -0.481498
-0.481197 -0.481073
-0.476284 -0.476205
-0.472365 -0.472459
-0.484739 -0.48449
-0.489947 -0.489888
-0.461454 -0.461694
-0.486721 -0.48686
-0.472935 -0.472872
-0.470349 -0.470297
-0.473069 -0.472783
-0.468199 -0.468313
-0.464094 -0.464464
-0.475807 -0.475681
-0.464442 -0.464181
-0.479699 -0.479639
-0.476589 -0.476655
-0.477219 -0.477682
-0.473996 -0.47402
-0.478105 -0.478128
-0.482938 -0.48306
-0.469857 -0.46984
-0.473428 -0.47289
-0.453272 -0.453643
-0.486056 -0.486011
-0.469369 -0.469593
-0.481638 -0.481548
-0.470796 -0.470666
-0.467549 -0.467611
-0.452336 -0.452077
-0.476313 -0.476308
-0.470375 -0.47052
-0.461071 -0.460993
-0.482121 -0.481897
-0.467627 -0.467913
-0.479738 -0.479522
-0.469852 -0.469602
-0.460315 -0.459864
-0.480322 -0.480552
-0.465881 -0.465968
-0.470169 -0.469968
-0.482817 -0.482637
-0.47923 -0.479192
-0.477225 -0.477566
-0.465024 -0.464988
-0.479473 -0.479601
-0.473629 -0.473458
-0.473488 -0.47347
-0.477178 -0.476973
-0.460868 -0.460815
-0.472244 -0.472217
-0.483404 -0.483505
-0.461696 -0.461579
-0.474276 -0.474405
-0.451519 -0.451942
-0.482739 -0.482551
-0.480979 -0.481047
-0.470048 -0.470197
-0.475417 -0.475616
-0.479605 -0.479527
-0.486714 -0.486944
-0.476006 -0.476531
-0.462663 -0.462495
-0.461738 -0.461561
-0.470759 -0.470734
-0.478865 -0.478769
-0.474636 -0.474891
-0.461011 -0.460783
-0.470514 -0.46976
-0.481508 -0.48114
-0.480753 -0.480726
-0.462704 -0.462889
-0.480806 -0.480613
-0.47763 -0.477574
-0.469879 -0.470276
-0.475618 -0.475598
-0.478418 -0.478357
-0.475805 -0.476024
-0.476692 -0.476659
-0.488443 -0.48831
-0.467562 -0.467732
-0.491854 -0.491606
-0.471473 -0.471406
-0.467788 -0.467985
-0.476787 -0.476619
-0.456402 -0.456057
-0.472862 -0.472778
-0.462813 -0.462748
-0.476042 -0.476146
-0.485309 -0.484891
-0.479835 -0.480165
-0.461827 -0.462114
-0.471496 -0.471692
-0.473243 -0.47306
-0.479491 -0.479744
-0.473822 -0.473867
-0.467255 -0.467588
-0.461884 -0.46185
-0.476863 -0.4766
-0.480507 -0.48078
-0.467511 -0.467693
-0.471376 -0.471341
-0.472385 -0.471847
-0.467412 -0.467388
-0.468706 -0.468813
-0.47631 -0.476007
-0.479459 -0.479732
-0.478495 -0.47871
-0.464976 -0.464875
-0.468435 -0.468638
-0.478775 -0.47832
-0.476127 -0.476637
-0.4748 -0.474608
-0.483292 -0.483264
-0.469184 -0.468893
-0.475388 -0.47501
-0.471392 -0.471768
-0.452924 -0.4529
-0.485463 -0.48579
-0.484603 -0.484262
-0.468744 -0.46855
-0.490414 -0.490303
-0.468791 -0.468702
-0.471538 -0.471581
-0.47372 -0.473957
-0.478667 -0.478574
-0.46864 -0.468637
-0.479701 -0.479665
-0.478524 -0.478522
-0.472107 -0.472074
-0.470467 -0.47083
-0.469994 -0.469884
-0.47952 -0.479453
-0.487776 -0.487747
-0.477359 -0.477385
-0.47053 -0.470467
-0.477341 -0.477189
-0.474131 -0.473798
-0.460404 -0.46044
