
  ========================================================================
                license information 
 Customer : 200000000144671
 ID       : LKO2881657

 License file is VALID, continuing with full version
  ========================================================================

   OpenMP run-time library returned nthreads = 20

 ridft (ca5) : TURBOMOLE rev. V7-8-1 compiled 12 Feb 2024 at 14:05:01
 Copyright (C) 2024 TURBOMOLE GmbH, Karlsruhe


    2024-05-17 13:18:20.252 



                                  r i d f t

                        DFT program with RI approximation 
                                for coulomb part 





                                 References:     
                                                 
          TURBOMOLE:                             
              R. Ahlrichs, M. Baer, M. Haeser, H. Horn, and
              C. Koelmel
              Electronic structure calculations on workstation
              computers: the program system TURBOMOLE
              Chem. Phys. Lett. 162: 165 (1989)
          Density Functional:                              
              O. Treutler and R. Ahlrichs                      
              Efficient Molecular Numerical Integration Schemes
              J. Chem. Phys. 102: 346 (1995)                   
          Parallel Version:                                
              Performance of parallel TURBOMOLE for Density    
              Functional Calculations                          
              M. v. Arnim and R. Ahlrichs                      
              J. Comp. Chem. 19: 1746 (1998)                   
          RI-J Method:                                     
              Auxiliary Basis Sets to approximate Coulomb      
              Potentials                                       
              Chem. Phys. Lett. 240: 283 (1995)                
              K. Eichkorn, O. Treutler, H. Oehm, M. Haeser     
              and R. Ahlrichs                                  
              Chem. Phys. Lett. 242: 652 (1995)                
                                                           
              Auxiliary Basis Sets for Main Row Atoms and their
              Use to approximate Coulomb Potentials            
              K. Eichkorn, F. Weigend, O. Treutler and         
              R. Ahlrichs                                      
              Theo. Chem. Acc. 97: 119 (1997)                  
                                                           
              Accurate Coulomb-fitting basis sets for H to Rn 
              F. Weigend                                       
              Phys. Chem. Chem. Phys. 8: 1057 (2006)           
                                                           
          Multipole accelerated RI-J (MARI-J):             
              Fast evaluation of the Coulomb potential for     
              electron densities using multipole accelerated   
              resolution of identity approximation             
              M. Sierka, A. Hogekamp and R. Ahlrichs           
              J. Chem. Phys. 118: 9136 (2003)                  
          RI-JK Method:                                     
              A fully direct RI-HF algorithm: Implementation,
              optimised auxiliary basis sets, demonstration of
              accuracy and efficiency                         
              F. Weigend                                      
              Phys. Chem. Chem. Phys. 4: 4285 (2002)           
          Two-component HF and DFT with spin-orbit coupling:  
              Self-consistent treatment of spin-orbit         
              interactions with efficient Hartree-Fock and    
              density functional methods                      
              M. K. Armbruster, F. Weigend, C. van Wüllen and 
              W. Klopper                                      
              Phys. Chem. Chem. Phys. 10: 1748 (2008)         
          Two-component difference density and DIIS algorithm 
              Efficient two-component self-consistent field   
              procedures and gradients: implementation in     
              TURBOMOLE and application to Au20-              
              A. Baldes, F. Weigend                           
              Mol. Phys. 111: 2617 (2013)                     
          Relativistic current density functional theory      
              Current density functional framework for        
              spin-orbit coupling                             
              C. Holzer, Y. J. Franzke, A. Pausch             
              J. Chem. Phys. 157: 204102 (2022)               
          Relativistic all-electron 2c calculations           
              An efficient implementation of two-component    
              relativistic exact-decoupling methods for large 
              molecules                                       
              D. Peng, N. Middendorf, F. Weigend, M. Reiher   
              J. Chem. Phys. 138: 184105 (2013)               
          Finite nucleus model and SNSO approximation         
              Efficient implementation of one- and two-       
              component analytical energy gradients in exact  
              two-component theory                            
              Y. J. Franzke, N. Middendorf, F. Weigend        
              J. Chem. Phys. 148: 104110 (2018)               
          Grids for all-electron relativistic methods         
              Error-consistent segmented contracted all-      
              electron relativistic basis sets of double-     
              and triple-zeta quality for NMR shielding       
              constants                                       
              Y. J. Franzke, R. Tress, T. M. Pazdera,         
              F. Weigend                                      
              Phys. Chem. Chem. Phys. 21: 166658 (2019)       
          Seminumerical exchange algorithms                   
              Seminumerical calculation of the Hartree-Fock   
              exchange matirx: Application to two-component   
              procedures and efficient evaluation of local    
              hybrid functionsl                               
              P. Plessow, F. Weigend,                         
              J. Comput. Chem. 33: 810 (2012)                 
          Improved seminumerical algorithms                   
              C. Holzer,                                      
              J. Chem. Phys. 153 (2020), 184115               






          OpenMP Shared-Memory Parallelization: 20 CPUs.

            By: Christof Holzer and Yannick J. Franzke


              +--------------------------------------------------+
              |      general information about current run       |
              +--------------------------------------------------+

 

 DENSITY CONVERGENCE CHECK SWITCHED ON !
 SCF CONVERGENCE IF RMS(delta[D]) <     0.1000000000E-06

 PBE functional
 exchange:    LDA + PBE
 correlation: LDA (PW) + PBE
 A DFT calculation using the RI-J approximation will be carried out.
 Allocatable memory for RI due to $ricore (MB):                     0


              +--------------------------------------------------+
              | Atomic coordinate, charge and isotop information |
              +--------------------------------------------------+

                    atomic coordinates            atom    charge  isotop
         25.86066002   22.48466101   29.79805833    c      6.000     0
         23.68047052   23.86231296   30.24456953    c      6.000     0
         21.42176333   22.37920015   29.70192596    c      6.000     0
         22.28355856   19.93048038   28.91886730    c      6.000     0
         25.03063015   19.96657804   29.00781565    c      6.000     0
         17.99820350   26.58883703   25.83522264    c      6.000     0
         17.15655794   24.02861294   24.82063507    c      6.000     0
         18.11944748   22.15847701   26.67578537    c      6.000     0
         19.29151736   23.40948655   28.75530115    c      6.000     0
         19.26462714   26.12339896   28.05806296    c      6.000     0
         18.84218512   19.03662770   23.15467094    c      6.000     0
         21.04051050   17.59230632   22.74656204    c      6.000     0
         22.40038465   17.31218936   25.13494095    c      6.000     0
         21.11769933   18.72670029   27.00108020    c      6.000     0
         18.89549286   19.68855628   25.96168748    c      6.000     0
         26.34188057   17.64567097   22.81506569    c      6.000     0
         28.65878429   18.97049983   23.32527905    c      6.000     0
         28.54747243   19.70720274   26.08741266    c      6.000     0
         26.33543039   18.52486552   27.19066633    c      6.000     0
         25.03725863   17.24763015   25.23266912    c      6.000     0
         30.01472018   23.92924689   24.72225710    c      6.000     0
         29.24957472   26.48117461   25.59474254    c      6.000     0
         27.79064345   26.18750083   27.95746821    c      6.000     0
         27.99506794   23.50661930   28.66338833    c      6.000     0
         29.30018213   22.12012662   26.73248711    c      6.000     0
         24.82684076   29.59858862   26.71894411    c      6.000     0
         22.11526967   29.41532564   26.77714899    c      6.000     0
         21.38051677   27.54404560   28.65836460    c      6.000     0
         23.57703558   26.50483789   29.77813748    c      6.000     0
         25.76732185   27.66486027   28.61604137    c      6.000     0
         22.18078116   30.07007929   22.06554424    c      6.000     0
         20.95211056   28.68710989   20.10178747    c      6.000     0
         18.70237561   27.41589540   21.38112654    c      6.000     0
         18.67687511   28.20322110   24.02869804    c      6.000     0
         20.94182949   29.52349645   24.44227084    c      6.000     0
         18.04055334   25.05495244   20.63231064    c      6.000     0
         19.25586560   23.71806907   18.60211802    c      6.000     0
         19.34412529   21.06051238   19.14060406    c      6.000     0
         18.05230851   20.78416985   21.44464426    c      6.000     0
         17.16272183   23.22740819   22.34102570    c      6.000     0
         21.46876707   19.67833504   18.66674697    c      6.000     0
         23.67768534   20.77927580   17.75645749    c      6.000     0
         25.79813011   19.67668412   18.79106015    c      6.000     0
         25.05039277   17.76037225   20.57497922    c      6.000     0
         22.35216250   17.68234177   20.43678355    c      6.000     0
         28.00506757   21.02005034   19.22866082    c      6.000     0
         27.82918007   23.68576451   18.64821044    c      6.000     0
         29.17045729   25.18552775   20.47955620    c      6.000     0
         30.18077737   23.28946054   22.25422618    c      6.000     0
         29.52621649   20.75056481   21.55570904    c      6.000     0
         28.22623311   27.45472163   21.32127793    c      6.000     0
         26.16676237   28.82948490   20.07731590    c      6.000     0
         24.79989920   30.03613593   22.11064758    c      6.000     0
         26.12055133   29.67465431   24.39392945    c      6.000     0
         28.37231818   28.25349524   23.93450846    c      6.000     0
         24.93456477   27.25760402   18.23527091    c      6.000     0
         25.80499025   24.88775230   17.38577588    c      6.000     0
         23.52250787   23.25243164   16.80429202    c      6.000     0
         21.35914183   24.86038295   17.51019541    c      6.000     0
         22.06851338   27.23731040   18.24180764    c      6.000     0
 
       center of nuclear mass  :   23.61809289   23.62223141   23.62121332
       center of nuclear charge:   23.61809289   23.62223141   23.62121332

              +--------------------------------------------------+
              |               basis set information              |
              +--------------------------------------------------+

              we will work with the 1s 3p 5d 7f 9g ... basis set
              ...i.e. with spherical basis functions...

   type   atoms  prim   cont   basis
   ---------------------------------------------------------------------------
    c       60     49     34   x2c-TZVPall-s   [5s4p2d1f|11s7p2d1f]
   ---------------------------------------------------------------------------
   total:   60   2940   2040
   ---------------------------------------------------------------------------

   total number of primitive shells          :   21
   total number of contracted shells         :  720
   total number of cartesian basis functions : 2340
   total number of SCF-basis functions       : 2040


 integral neglect threshold       :  0.14E-11
 integral storage threshold THIZE :  0.10E-04
 integral storage threshold THIME :         5

 RI-J AUXILIARY BASIS SET information:

              we will work with the 1s 3p 5d 7f 9g ... basis set
              ...i.e. with spherical basis functions...

   type   atoms  prim   cont   basis
   ---------------------------------------------------------------------------
    c       60     70     70   x2c-TZVPall-s   [12s5p4d2f1g|12s5p4d2f1g]
   ---------------------------------------------------------------------------
   total:   60   4200   4200
   ---------------------------------------------------------------------------

   total number of primitive shells          :   24
   total number of contracted shells         : 1440
   total number of cartesian basis functions : 5160
   total number of SCF-basis functions       : 4200


 symmetry group of the molecule :   c1 

 the group has the following generators :
   c1(z)

    1 symmetry operations found

 there are 1 real representations :   a   

 maximum number of shells which are related by symmetry :  1

  
           ------------------
           density functional
           ------------------
 PBE functional
 exchange:    LDA + PBE
 correlation: LDA (PW) + PBE
 spherical integration : Lebedev's spherical grid
 spherical gridsize    :                     4
    i.e. gridpoints    :                   434
  maximum batchsize    :                   100
 value for diffuse not defined
 radial integration    : Chebyshev 2nd kind (scaling 3)
 radial gridsize       :                     6
 integration cells     :                    60
 partition function    : becke
 partition sharpness   :                     3
  
 grids with increased radial size are used

 biggest AO integral is expected to be     5.730030563

          ------------------------
          nuclear repulsion energy  :   8382.12815807    
          ------------------------

      -----------------------------------------------------------      
     |                   =====================                   |     
     |                        D F T - D 4                        |     
     |                   =====================                   |     
     |                         S. Grimme                         |     
     |          Mulliken Center for Theoretical Chemistry        |     
     |                    University of Bonn                     |     
      -----------------------------------------------------------      

           -------------------------------------------------
          |                Calculation Setup                |
           -------------------------------------------------
   charge               :      0
   non-additivity corr. : ATM
   charge model         : EEQ
   damping parameters
   s6                   :     1.0000
   s8                   :     0.9595
   a1                   :     0.3857
   a2                   :     4.8069

        q(ref)        CN(ref)   cov. CN(ref)  alpha(AIM,ref)
     0.0000000      0.0000000      0.0000000     12.3555336
    -0.1712371      0.9867893      0.9189476     12.8040100
    -0.1421000      1.9984766      1.9078606      9.6347083
    -0.2225085      2.9987259      2.8312240      9.6866280
    -0.2565392      3.9843988      3.7487004      7.6947605
    -0.1044135      3.1417713      2.9183271      9.3751067
     0.2103031      0.9999501      0.8556099      7.7402501
========================================================================
 Edisp  /kcal,au:  -137.7517  -0.2195213212
========================================================================
 nuclear repulsion energy                  =    8382.128158074
  DFT-D4 Energy contribution               =      -0.219521321
 nuclear repulsion + dispersion correction =    8381.908636752

 DLU local scheme used in DKH/X2C/BSS
 
          -------------------
          S,T,V,pVp integrals
          -------------------
 

 maximum number of shells which are related by symmetry :  1


 Using finite size model (Gaussian charge distribution) for the nuclei. 
 RMS radius: c        0.248455E-02 pm,    0.469513E-04 a.u.

 1e-integrals will be neglected if expon. factor < 0.142819E-12


  Performing local relativistic X2C transformation
 
 Estimated memory requirements for X2C quantities in MB:                   257
 
 
 Difference densities algorithm switched on.
 The maximal number of linear combinations of
 difference densities is  20.

 DIIS switched on: error vector is FDS-SDF
 Max. Iterations for DIIS is     :   4
 DIIS matrix (see manual) 
    Scaling factor of diagonals  :  1.200
    threshold for scaling factor :  0.000

 scf convergence criterion : increment of total energy < .1000000D-06
                  and increment of one-electron energy < .1000000D-03

 MOs are in ASCII format !


    mo occupation :
   irrep   mo's   occupied
    a     2040      180
 
 number of basis functions   :  2040
 number of occupied orbitals :   180
 

 reading orbital data $scfmo  from file mos
 orbital characterization : expanded
 virtual MOs provided and orthogonalized by Cholesky decomposition

 automatic virtual orbital shift switched on 
      shift if e(lumo)-e(homo) < 0.10000000    

  
           ------------------------
               RI-J - INFORMATION
           ------------------------
 Contributions to RI integral batches: 
  neglected integral batches:                 92793
  direct contribution:                       166767
  memory contribution:                     0
 Memory core needed for (P|Q) and Cholesky    135 MByte
 Memory core minimum needed except of (P|Q)     4 MByte
 Total minimum memory core needed (sum)       138 MByte
  
 ****************************************
 Memory allocated for RI-J   138 MByte
 ****************************************
                                            

 dump of DSCF restart information has been disabled !


 Starting SCF iterations

          Overall gridpoints after grid construction =        661479

 ITERATION  ENERGY          1e-ENERGY        2e-ENERGY     RMS[dD(SAO)]   TOL
   1  -2278.5409023582    -19672.788346     9012.3388067    0.000D+00 0.142D-11
                            Exc = -318.006898844     Coul =  9330.34570550    
                              N = 359.99901382    
                            current damping = 3.300
 
          max. resid. norm for Fia-block=  2.772D-01 for orbital     94a         
          max. resid. fock norm         =  5.655D+00 for orbital   1195a         

 ITERATION  ENERGY          1e-ENERGY        2e-ENERGY     RMS[dD(SAO)]   TOL
   2  -2280.8142063074    -19700.672912     9037.9500694    0.497D-01 0.125D-11
                            Exc = -319.561240558     Coul =  9357.51130996    
                              N = 359.99906219    
                            current damping = 3.250
 
          Norm of current diis error:  14.064    
          max. resid. norm for Fia-block=  2.228D-01 for orbital     65a         
          max. resid. fock norm         =  2.586D-01 for orbital     65a         

 ITERATION  ENERGY          1e-ENERGY        2e-ENERGY     RMS[dD(SAO)]   TOL
   3  -2282.2627919830    -19721.506893     9057.3354641    0.304D-01 0.754D-12
                            Exc = -320.659802045     Coul =  9377.99526612    
                              N = 359.99911716    
                            current damping = 3.150
 
          Norm of current diis error:  11.409    
          max. resid. norm for Fia-block=  1.849D-01 for orbital     65a         
          max. resid. fock norm         =  2.072D-01 for orbital     65a         

 ITERATION  ENERGY          1e-ENERGY        2e-ENERGY     RMS[dD(SAO)]   TOL
   4  -2283.2085316350    -19735.550038     9070.4328697    0.195D-01 0.582D-12
                            Exc = -321.440410827     Coul =  9391.87328049    
                              N = 359.99917551    
                            current damping = 3.050
 
          Norm of current diis error:  9.3082    
          max. resid. norm for Fia-block=  1.521D-01 for orbital     65a         
          max. resid. fock norm         =  1.690D-01 for orbital     65a         

 ITERATION  ENERGY          1e-ENERGY        2e-ENERGY     RMS[dD(SAO)]   TOL
   5  -2283.8676911585    -19746.056896     9080.2805683    0.112D-01 0.450D-12
                            Exc = -322.035271864     Coul =  9402.31584013    
                              N = 359.99923132    
                            current damping = 2.950
 
          Norm of current diis error:  7.5598    
          max. resid. norm for Fia-block=  1.247D-01 for orbital     65a         
          max. resid. fock norm         =  1.375D-01 for orbital     65a         
          mo-orthogonalization: Cholesky decomposition

 ITERATION  ENERGY          1e-ENERGY        2e-ENERGY     RMS[dD(SAO)]   TOL
   6  -2284.3669445417    -19756.613269     9090.3376876    0.650D-02 0.368D-12
                            Exc = -322.578961293     Coul =  9412.91664893    
                              N = 359.99928061    
                            current damping = 2.850
 
          Norm of current diis error:  5.9779    
          max. resid. norm for Fia-block=  1.004D-01 for orbital     65a         
          max. resid. fock norm         =  1.097D-01 for orbital     65a         

 ITERATION  ENERGY          1e-ENERGY        2e-ENERGY     RMS[dD(SAO)]   TOL
   7  -2284.7144402892    -19765.391222     9098.7681447    0.609D-02 0.319D-12
                            Exc = -323.036766885     Coul =  9421.80491157    
                              N = 359.99932594    
                            current damping = 2.750
 
          Norm of current diis error:  4.6343    
          max. resid. norm for Fia-block=  7.904D-02 for orbital     65a         
          max. resid. fock norm         =  8.595D-02 for orbital     65a         

 ITERATION  ENERGY          1e-ENERGY        2e-ENERGY     RMS[dD(SAO)]   TOL
   8  -2284.9435606752    -19772.015893     9105.1636951    0.674D-02 0.287D-12
                            Exc = -323.399275039     Coul =  9428.56297012    
                              N = 359.99936663    
                            current damping = 2.650
 
          Norm of current diis error:  3.5363    
          max. resid. norm for Fia-block=  6.076D-02 for orbital     65a         
          max. resid. fock norm         =  6.591D-02 for orbital     65a         

 ITERATION  ENERGY          1e-ENERGY        2e-ENERGY     RMS[dD(SAO)]   TOL
   9  -2285.0906307008    -19777.138839     9110.1395713    0.673D-02 0.265D-12
                            Exc = -323.680665634     Coul =  9433.82023695    
                              N = 359.99940046    
                            current damping = 2.550
 
          Norm of current diis error:  2.6499    
          max. resid. norm for Fia-block=  4.574D-02 for orbital     65a         
          max. resid. fock norm         =  4.953D-02 for orbital     65a         

 ITERATION  ENERGY          1e-ENERGY        2e-ENERGY     RMS[dD(SAO)]   TOL
  10  -2285.1817216962    -19781.148222     9114.0578640    0.608D-02 0.249D-12
                            Exc = -323.896385088     Coul =  9437.95424907    
                              N = 359.99942722    
                            current damping = 2.450
 
          Norm of current diis error:  1.9459    
          max. resid. norm for Fia-block=  3.385D-02 for orbital     65a         
          max. resid. fock norm         =  3.662D-02 for orbital     65a         
          mo-orthogonalization: Cholesky decomposition

 ITERATION  ENERGY          1e-ENERGY        2e-ENERGY     RMS[dD(SAO)]   TOL
  11  -2285.2351765018    -19784.022549     9116.8787359    0.516D-02 0.237D-12
                            Exc = -324.055718895     Coul =  9440.93445479    
                              N = 359.99944836    
                            current damping = 2.350
 
          Norm of current diis error:  1.4044    
          max. resid. norm for Fia-block=  2.457D-02 for orbital     65a         
          max. resid. fock norm         =  2.657D-02 for orbital     65a         

 ITERATION  ENERGY          1e-ENERGY        2e-ENERGY     RMS[dD(SAO)]   TOL
  12  -2285.2652726957    -19786.051177     9118.8772679    0.416D-02 0.228D-12
                            Exc = -324.170945380     Coul =  9443.04821327    
                              N = 359.99946452    
                            current damping = 2.250
 
          Norm of current diis error: 0.99605    
          max. resid. norm for Fia-block=  1.749D-02 for orbital     65a         
          max. resid. fock norm         =  1.891D-02 for orbital     65a         

 ITERATION  ENERGY          1e-ENERGY        2e-ENERGY     RMS[dD(SAO)]   TOL
  13  -2285.2815438282    -19787.493592     9120.3034112    0.323D-02 0.220D-12
                            Exc = -324.253087319     Coul =  9444.55649854    
                              N = 359.99947638    
                            current damping = 2.150
 
          Norm of current diis error: 0.69361    
          max. resid. norm for Fia-block=  1.224D-02 for orbital     65a         
          max. resid. fock norm         =  1.324D-02 for orbital     65a         

 ITERATION  ENERGY          1e-ENERGY        2e-ENERGY     RMS[dD(SAO)]   TOL
  14  -2285.2899486706    -19788.486382     9121.2877969    0.243D-02 0.214D-12
                            Exc = -324.310356493     Coul =  9445.59815342    
                              N = 359.99948494    
                            current damping = 2.050
 
          Norm of current diis error: 0.47439    
          max. resid. norm for Fia-block=  8.414D-03 for orbital     65a         
          max. resid. fock norm         =  9.105D-03 for orbital     65a         

 ITERATION  ENERGY          1e-ENERGY        2e-ENERGY     RMS[dD(SAO)]   TOL
  15  -2285.2941016482    -19789.144189     9121.9414508    0.179D-02 0.209D-12
                            Exc = -324.349391408     Coul =  9446.29084220    
                              N = 359.99949102    
                            current damping = 1.950
 
          Norm of current diis error: 0.31881    
          max. resid. norm for Fia-block=  5.677D-03 for orbital     65a         
          max. resid. fock norm         =  6.146D-03 for orbital     65a         
          mo-orthogonalization: Cholesky decomposition

 ITERATION  ENERGY          1e-ENERGY        2e-ENERGY     RMS[dD(SAO)]   TOL
  16  -2285.2960738977    -19789.585029     9122.3803181    0.128D-02 0.206D-12
                            Exc = -324.375710820     Coul =  9446.75602891    
                              N = 359.99949521    
                            current damping = 1.800
 
          Norm of current diis error: 0.21020    
          max. resid. norm for Fia-block=  3.760D-03 for orbital     65a         
          max. resid. fock norm         =  4.074D-03 for orbital     65a         

 ITERATION  ENERGY          1e-ENERGY        2e-ENERGY     RMS[dD(SAO)]   TOL
  17  -2285.2969831340    -19789.876541     9122.6709209    0.909D-03 0.203D-12
                            Exc = -324.393397067     Coul =  9447.06431793    
                              N = 359.99949810    
                            current damping = 1.650
 
          Norm of current diis error: 0.13459    
          max. resid. norm for Fia-block=  2.418D-03 for orbital     65a         
          max. resid. fock norm         =  2.621D-03 for orbital     65a         

 ITERATION  ENERGY          1e-ENERGY        2e-ENERGY     RMS[dD(SAO)]   TOL
  18  -2285.2973772562    -19790.063832     9122.8578181    0.628D-03 0.202D-12
                            Exc = -324.404930448     Coul =  9447.26274856    
                              N = 359.99950004    
                            current damping = 1.500
 
          Norm of current diis error: 0.83388E-01
          max. resid. norm for Fia-block=  1.505D-03 for orbital     65a         
          max. resid. fock norm         =  1.636D-03 for orbital     65a         

 ITERATION  ENERGY          1e-ENERGY        2e-ENERGY     RMS[dD(SAO)]   TOL
  19  -2285.2975367372    -19790.179212     9122.9730381    0.420D-03 0.200D-12
                            Exc = -324.412222658     Coul =  9447.38526081    
                              N = 359.99950130    
                            current damping = 1.350
 
          Norm of current diis error: 0.49829E-01
          max. resid. norm for Fia-block=  9.006D-04 for orbital     65a         
          max. resid. fock norm         =  9.903D-04 for orbital     65a         

 ITERATION  ENERGY          1e-ENERGY        2e-ENERGY     RMS[dD(SAO)]   TOL
  20  -2285.2975962889    -19790.252863     9123.0466304    0.270D-03 0.199D-12
                            Exc = -324.416729049     Coul =  9447.46335940    
                              N = 359.99950210    
                            current damping = 1.200
 
          Norm of current diis error: 0.28728E-01
          max. resid. norm for Fia-block=  5.205D-04 for orbital     65a         
          max. resid. fock norm         =  6.654D-04 for orbital     65a         
          mo-orthogonalization: Cholesky decomposition

 ITERATION  ENERGY          1e-ENERGY        2e-ENERGY     RMS[dD(SAO)]   TOL
  21  -2285.2976142643    -19790.289573     9123.0833217    0.168D-03 0.198D-12
                            Exc = -324.419352208     Coul =  9447.50267387    
                              N = 359.99950256    
                            current damping = 1.050
 
          Norm of current diis error: 0.18250E-01
          max. resid. norm for Fia-block=  2.854D-04 for orbital    179a         
          max. resid. fock norm         =  5.933D-04 for orbital     62a         

 ITERATION  ENERGY          1e-ENERGY        2e-ENERGY     RMS[dD(SAO)]   TOL
  22  -2285.2976195451    -19790.323328     9123.1170713    0.981D-04 0.142D-11
                            Exc = -324.421034268     Coul =  9447.53810553    
                              N = 359.99950286    
                            current damping = 0.900
 
          Norm of current diis error: 0.13604E-01
          max. resid. norm for Fia-block=  1.542D-04 for orbital    179a         
          max. resid. fock norm         =  6.632D-04 for orbital    818a         

 ITERATION  ENERGY          1e-ENERGY        2e-ENERGY     RMS[dD(SAO)]   TOL
  23  -2285.2976255379    -19790.329270     9123.1230079    0.106D-03 0.902D-12
                            Exc = -324.421738949     Coul =  9447.54474682    
                              N = 359.99950300    
                            current damping = 0.750
 
          Norm of current diis error: 0.39499E-02
          max. resid. norm for Fia-block=  6.788D-05 for orbital     65a         
          max. resid. fock norm         =  6.453D-04 for orbital    508a         
          irrep a   : virtual orbitals shifted by    0.00644

 ITERATION  ENERGY          1e-ENERGY        2e-ENERGY     RMS[dD(SAO)]   TOL
  24  -2285.2976256912    -19790.331366     9123.1251039    0.960D-04 0.592D-12
                            Exc = -324.422003904     Coul =  9447.54710780    
                              N = 359.99950306    
                            current damping = 0.600
 
          Norm of current diis error: 0.35338E-02
          max. resid. norm for Fia-block=  3.954D-05 for orbital    177a         
          max. resid. fock norm         =  2.433D-04 for orbital    508a         
          irrep a   : virtual orbitals shifted by    0.01459

 ITERATION  ENERGY          1e-ENERGY        2e-ENERGY     RMS[dD(SAO)]   TOL
  25  -2285.2976260900    -19790.336355     9123.1300922    0.401D-04 0.525D-12
                            Exc = -324.422204104     Coul =  9447.55229630    
                              N = 359.99950310    
                            current damping = 0.450
 
          Norm of current diis error: 0.91726E-03
          max. resid. norm for Fia-block=  1.438D-05 for orbital    179a         
          max. resid. fock norm         =  4.906D-05 for orbital    812a         
          irrep a   : virtual orbitals shifted by    0.02265
          mo-orthogonalization: Cholesky decomposition

 ITERATION  ENERGY          1e-ENERGY        2e-ENERGY     RMS[dD(SAO)]   TOL
  26  -2285.2976260969    -19790.336139     9123.1298765    0.769D-05 0.522D-12
                            Exc = -324.422246559     Coul =  9447.55212305    
                              N = 359.99950312    
                            current damping = 0.500
 
          Norm of current diis error: 0.89687E-03
          max. resid. norm for Fia-block=  9.159D-06 for orbital    176a         
          max. resid. fock norm         =  2.204D-05 for orbital   1985a         
          irrep a   : virtual orbitals shifted by    0.01999

 ITERATION  ENERGY          1e-ENERGY        2e-ENERGY     RMS[dD(SAO)]   TOL
  27  -2285.2976261155    -19790.336224     9123.1299607    0.202D-05 0.514D-12
                            Exc = -324.422260672     Coul =  9447.55222140    
                              N = 359.99950312    
                            current damping = 0.550
 
          Norm of current diis error: 0.27185E-03
          max. resid. norm for Fia-block=  6.442D-06 for orbital    178a         
          max. resid. fock norm         =  1.562D-05 for orbital    586a         
          irrep a   : virtual orbitals shifted by    0.01733

 ITERATION  ENERGY          1e-ENERGY        2e-ENERGY     RMS[dD(SAO)]   TOL
  28  -2285.2976261133    -19790.337015     9123.1307523    0.132D-05 0.498D-12
                            Exc = -324.422274336     Coul =  9447.55302660    
                              N = 359.99950312    
                            current damping = 0.400
 
          Norm of current diis error: 0.44223E-03
          max. resid. norm for Fia-block=  3.249D-06 for orbital    180a         
          max. resid. fock norm         =  6.956D-06 for orbital    598a         
          irrep a   : virtual orbitals shifted by    0.02533

 ENERGY & DENSITY CONVERGED !


 ITERATION  ENERGY          1e-ENERGY        2e-ENERGY     RMS[dD(SAO)]   TOL
  29  -2285.2976261110    -19790.337033     9123.1307704    0.613D-06 0.486D-12
                            Exc = -324.422275603     Coul =  9447.55304602    
                              N = 359.99950312    
                            current damping = 0.250
 
          Norm of current diis error: 0.22531E-03
          max. resid. norm for Fia-block=  1.228D-06 for orbital    178a         
          max. resid. fock norm         =  5.250D-06 for orbital    812a         

 End of SCF iterations

   convergence criteria satisfied after    29 iterations


                  ------------------------------------------ 
                 |  total energy      =  -2285.29762611101  |
                  ------------------------------------------ 
                 :  kinetic energy    =   2283.33913366739  :
                 :  potential energy  =  -4568.63675977840  :
                 :  virial theorem    =      1.99914300334  :
                 :  wavefunction norm =      1.00000000000  :
                  .......................................... 


 <geterg> : there is no data group $energy 


 <skperg> : $end is missing 


 orbitals $scfmo  will be written to file mos

    irrep                176a        177a        178a        179a        180a   
 eigenvalues H         -0.21764    -0.21634    -0.21376    -0.21064    -0.20981
            eV          -5.9223     -5.8869     -5.8167     -5.7318     -5.7092
 occupation              2.0000      2.0000      2.0000      2.0000      2.0000

    irrep                181a        182a        183a        184a        185a   
 eigenvalues H         -0.15647    -0.15023    -0.14854    -0.11799    -0.11231
            eV          -4.2579     -4.0879     -4.0421     -3.2107     -3.0560
 
 
 
 
 ==============================================================================
                           electrostatic moments
 ==============================================================================

 reference point for electrostatic moments:    0.00000   0.00000   0.00000

 
              nuc           elec       ->  total
 ------------------------------------------------------------------------------
                          charge      
 ------------------------------------------------------------------------------
         360.000000    -360.000000      -0.000000
 
 ------------------------------------------------------------------------------
                       dipole moment  
 ------------------------------------------------------------------------------
   x    8502.513439   -8502.558619      -0.045179
   y    8504.003308   -8504.078564      -0.075255
   z    8503.636796   -8503.501614       0.135182
 
   | dipole moment | =     0.1612 a.u. =     0.4097 debye 
 
 ------------------------------------------------------------------------------
                     quadrupole moment
 ------------------------------------------------------------------------------
  xx  206048.303247 -206296.046922    -247.743675
  yy  206289.189427 -206538.001404    -248.811977
  zz  206214.361524 -206453.778557    -239.417033
  xy  200751.823970 -200755.318595      -3.494625
  xz  200851.243421 -200848.597407       2.646014
  yz  200949.628539 -200947.461054       2.167486
 
     1/3  trace=    -245.324228
     anisotropy=      12.292476
 
 ==============================================================================
 
HOMO-LUMO Separation
 HOMO         :   -0.20980790 H =     -5.70917 eV
 LUMO         :   -0.15647439 H =     -4.25789 eV
 HOMO-LUMO gap:    0.05333351 H =     +1.45128 eV
 
 ==============================================================================


    ------------------------------------------------------------------------
         total  cpu-time :  2 hours  4 minutes and 14 seconds
         total wall-time :  6 minutes and 21 seconds
    ------------------------------------------------------------------------

   ****  ridft : all done  ****


    2024-05-17 13:24:40.761 

