
   OpenMP run-time library returned nthreads = 20

 rdgrad (ca20) : TURBOMOLE rev. V7-8-1 compiled 23 Jan 2024 at 17:35:01
 Copyright (C) 2024 TURBOMOLE GmbH, Karlsruhe


    2024-05-17 13:37:30.860 



                                 r d g r a d

                          gradient for ridft program 

                        by K.Eichkorn, O.Treutler, H.Oehm, 
                             M.Haeser and R.Ahlrichs
                  (Chemical Physics Letters 242 (1995) 652-660)
                    parallel version: M.v.Arnim  &  R.Ahlrichs
                            quantum chemistry group
                             university  karlsruhe
                                   germany




                          References             
                                                 
          Density Functional:                              
              O. Treutler and R. Ahlrichs                      
              Efficient Molecular Numerical Integration Schemes
              J. Chem. Phys. 102: 346 (1995)                   
          Parallel Version:                                
              Performance of parallel TURBOMOLE for Density    
              Functional Calculations                          
              M. v. Arnim and R. Ahlrichs                      
              J. Comp. Chem. 19: 1746 (1998)                   
          RI-J Method:                                     
              Auxiliary Basis Sets to approximate Coulomb      
              Potentials                                       
              Chem. Phys. Lett. 240: 283 (1995)                
              K. Eichkorn, O. Treutler, H. Oehm, M. Haeser     
              and R. Ahlrichs                                  
              Chem. Phys. Lett. 242: 652 (1995)                
                                                           
              Auxiliary Basis Sets for Main Row Atoms and their
              Use to approximate Coulomb Potentials            
              K. Eichkorn, F. Weigend, O. Treutler and         
              R. Ahlrichs                                      
              Theo. Chem. Acc. 97: 119 (1997)                  
          Relativistic Two-component ECP formalism             
              Efficient two-component self-consistent field    
              procedures and gradients: implementation in      
              TURBOMOLE and application to Au20-               
              A. Baldes and F. Weigend                         
              Mol. Phys. 111: 2617 (2013)                      
          Relativistic all-electron 2c calculations (X2C, DLU) 
              Efficient implementation of one- and two-component
              analytical energy gradients in exact two-component
              theory                                           
              Y. J. Franzke, N. Middendorf and F. Weigend      
              J. Chem. Phys. 148: 104110 (2018)                
          Exploitation of symmetry in scalar X2C response      
              NMR shielding tensors and chemical shifts in     
              scalar-relativistic local exact two-component    
              theory                                           
              Y. J. Franzke and F. Weigend                     
              J. Chem. Theory Comput. 15: 1028 (2019)          
                                                              





          OpenMP Shared-Memory Parallelization: 20 CPUs.

            By: Yannick J. Franzke and Christof Holzer
 

 integral neglect threshold       :  0.14E-11
 integral storage threshold THIZE :  0.10E-04
 integral storage threshold THIME :         5


 DENSITY CONVERGENCE CHECK SWITCHED ON !
 SCF CONVERGENCE IF RMS(delta[D]) <     0.1000000000E-06

 PBE functional
 exchange:    LDA + PBE
 correlation: LDA (PW) + PBE
 A DFT gradient calculation using the RI-J approximation will be carried out.
  
  
 AUXILIARY BASIS SET information:

 symmetry group of the molecule :   c1 

 the group has the following generators :
   c1(z)

    1 symmetry operations found

 there are 1 real representations :   a   

 maximum number of shells which are related by symmetry :  1


    mo occupation :
   irrep   mo's   occupied
    a     2040      180
 
 number of basis functions   :  2040
 number of occupied orbitals :   180
 

 number of off-diagonal lagrangians expected :  0

 biggest AO integral is expected to be     5.730030563
  
           ------------------
           density functional
           ------------------
 PBE functional
 exchange:    LDA + PBE
 correlation: LDA (PW) + PBE
 spherical integration : Lebedev's spherical grid
 spherical gridsize    :                     4
    i.e. gridpoints    :                   434
  maximum batchsize    :                   100
 value for diffuse not defined
 radial integration    : Chebyshev 2nd kind (scaling 3)
 radial gridsize       :                     6
 integration cells     :                    60
 partition function    : becke
 partition sharpness   :                     3
  
 grids with increased radial size are used
  
           ------------------------
             RDGRAD - INFORMATION
           ------------------------
  
 Threshold for integral neglect (rithr1): 1E-10
 Threshold for integral neglect (rithr2): 1E-10
 Contributions to RI integral batches: 
  neglected integral batches:                 93086
  direct contribution:                       166474
     
 ****************************************
 Memory allocated for RDGRAD: 193 MiB
 ****************************************
                                            
     

 nuclear repulsion energy  :   8364.75550259    

  MOs are in ASCII format !


 reading orbital data $scfmo  from file mos
 orbital characterization : scfconv=7
  Deviation of MOs from orthonormality   5.942002619108155E-010
  W A R N I N G 

    ----------------------------------------
     S+T+V CONTRIBUTIONS TO ENERGY GRADIENT 
    ----------------------------------------
 DLU scheme used in X2C
 
 ---------------------------------------------------------------
 Performing 1c X2C gradient calculation with local approximation
 ---------------------------------------------------------------

 maximum number of shells which are related by symmetry :  1

 Setup local relativistic approximation
 
 Estimated memory requirements for X2C quantities in MB on 1 CPU:
                   769
 
 Evaluating integrals

 Using finite size model (Gaussian charge distribution) for the nuclei. 
 RMS radius: c        0.248455E-02 pm,    0.469513E-04 a.u.

 1e-integrals will be neglected if expon. factor < 0.142819E-12

 Constructing 1c X2C/DLU-Dirac matrix
 Calculate unperturbed atomic block matrices
 Evaluating integral derivatives
 Constructing 1c X2C/DLU-transformed 1e gradient contribution
 Calculate nuclear repulsion gradient
      -----------------------------------------------------------      
     |                   =====================                   |     
     |                        D F T - D 4                        |     
     |                   =====================                   |     
     |                         S. Grimme                         |     
     |          Mulliken Center for Theoretical Chemistry        |     
     |                    University of Bonn                     |     
      -----------------------------------------------------------      

           -------------------------------------------------
          |                Calculation Setup                |
           -------------------------------------------------
   charge               :      0
   non-additivity corr. : ATM
   charge model         : EEQ
   damping parameters
   s6                   :     1.0000
   s8                   :     0.9595
   a1                   :     0.3857
   a2                   :     4.8069

        q(ref)        CN(ref)   cov. CN(ref)  alpha(AIM,ref)
     0.0000000      0.0000000      0.0000000     12.3555336
    -0.1712371      0.9867893      0.9189476     12.8040100
    -0.1421000      1.9984766      1.9078606      9.6347083
    -0.2225085      2.9987259      2.8312240      9.6866280
    -0.2565392      3.9843988      3.7487004      7.6947605
    -0.1044135      3.1417713      2.9183271      9.3751067
     0.2103031      0.9999501      0.8556099      7.7402501
========================================================================
 Edisp  /kcal,au:  -137.1617  -0.2185810599
========================================================================
 X2C 1e gradient contribution done.
 

 setting up bound for integral derivative estimation

 increment for numerical differentiation : 0.00050000

 biggest AO integral is expected to be     5.730030563
 biggest cartesian 1st derivative AO integral is expected to be    10.761314692
          Overall gridpoints after grid construction =        661774

 Integrated ground state density     :   360.0000240039677    


          ------------------------------------------------
           cartesian gradient of the energy (hartree/bohr)
          ------------------------------------------------

  ATOM      1 c           2 c           3 c           4 c           5 c 
dE/dx  0.5699414D-03 -0.1211762D-01  0.4964588D-02 -0.3286942D-01  0.3140554D-01
dE/dy  0.2482546D-01  0.3997959D-01  0.2699933D-01  0.2454475D-02 -0.2684573D-01
dE/dz  0.3960862D-01 -0.2004684D-01  0.3319179D-01 -0.3732452D-01 -0.5416547D-02

  ATOM      6 c           7 c           8 c           9 c          10 c 
dE/dx  0.1774920D-01  0.4202377D-02 -0.6184968D-02 -0.6338116D-02  0.1214287D-01
dE/dy  0.5721467D-01  0.1288342D-01 -0.1173595D-01 -0.3780981D-01 -0.3624446D-02
dE/dz  0.3063524D-01  0.2314558D-01 -0.1911431D-01 -0.7395212D-02 -0.1280173D-01

  ATOM     11 c          12 c          13 c          14 c          15 c 
dE/dx  0.2252119D-01  0.1888790D-01 -0.1993355D-01  0.7834027D-02 -0.1474930D-01
dE/dy -0.1223201D-01  0.4722979D-02  0.9144967D-02 -0.2096471D-02  0.7962010D-02
dE/dz  0.4993761D-01 -0.2540681D-01 -0.9473664D-02  0.4282432D-02 -0.5630530D-02

  ATOM     16 c          17 c          18 c          19 c          20 c 
dE/dx -0.7622355D-02 -0.5958316D-01 -0.1926331D-01  0.2977601D-01  0.3668617D-01
dE/dy  0.2212148D-01 -0.3165984D-01  0.8797933D-02  0.1019021D-01  0.1498020D-01
dE/dz  0.5044535D-01 -0.4592005D-01  0.3405564D-01 -0.2689588D-01 -0.3728135D-01

  ATOM     21 c          22 c          23 c          24 c          25 c 
dE/dx -0.2827545D-02 -0.9685486D-02 -0.1356225D-01  0.2064569D-01 -0.2297931D-01
dE/dy -0.2005429D-01  0.3409708D-01 -0.2105241D-01 -0.1042621D-01 -0.2453048D-01
dE/dz -0.1652131D-01  0.5001778D-01 -0.1133038D-01  0.9243123D-02 -0.2951320D-01

  ATOM     26 c          27 c          28 c          29 c          30 c 
dE/dx -0.8735898D-02  0.2906419D-01 -0.1329097D-01  0.4359967D-01 -0.2470594D-01
dE/dy  0.1050911D-01 -0.4401481D-02  0.2757602D-02 -0.1332159D-01  0.8405931D-02
dE/dz  0.4719576D-01  0.3958933D-01 -0.8420179D-02 -0.5115471D-04 -0.3531661D-01

  ATOM     31 c          32 c          33 c          34 c          35 c 
dE/dx -0.8403463D-02 -0.1975706D-01  0.1796623D-01 -0.2017064D-01 -0.1309572D-01
dE/dy  0.4377681D-03  0.1906923D-01  0.1327532D-02 -0.1520068D-01 -0.2101507D-01
dE/dz -0.2047116D-01  0.8621241D-02 -0.3902634D-04 -0.2598824D-01 -0.1366842D-01

  ATOM     36 c          37 c          38 c          39 c          40 c 
dE/dx -0.5689554D-03 -0.1235925D-01  0.1415986D-01 -0.8779135D-02  0.1438935D-01
dE/dy  0.2464881D-01 -0.1034583D-01 -0.2962615D-01  0.4488012D-01 -0.2299676D-01
dE/dz  0.1619769D-01  0.4895082D-02  0.3117117D-01 -0.3060642D-01 -0.4177950D-01

  ATOM     41 c          42 c          43 c          44 c          45 c 
dE/dx -0.1879909D-01  0.2287019D-01 -0.4892244D-01  0.1992353D-01  0.3997616D-01
dE/dy  0.4696361D-01 -0.3847386D-01 -0.1792340D-01  0.1176714D-01 -0.2757403D-01
dE/dz -0.8398117D-03 -0.7522687D-02  0.1834237D-01 -0.1849497D-01  0.6641730D-03

  ATOM     46 c          47 c          48 c          49 c          50 c 
dE/dx  0.1506888D-01 -0.7392911D-03  0.3522268D-02 -0.8917859D-02  0.3062664D-01
dE/dy  0.2907579D-01 -0.1687839D-01 -0.3849364D-01  0.1204694D-01 -0.1040947D-01
dE/dz  0.3998207D-02 -0.3661499D-02 -0.6047670D-03 -0.2299546D-01  0.6662260D-01

  ATOM     51 c          52 c          53 c          54 c          55 c 
dE/dx  0.1889103D-02 -0.2846364D-01  0.2439882D-02  0.6600141D-02 -0.1136972D-01
dE/dy  0.1834865D-01 -0.2917967D-01  0.5031565D-02 -0.2892571D-01  0.9702242D-02
dE/dz  0.4966095D-02 -0.2104425D-01  0.2445114D-01  0.9787067D-02 -0.4800100D-01

  ATOM     56 c          57 c          58 c          59 c          60 c 
dE/dx  0.4666461D-01 -0.5085397D-01  0.1399259D-01  0.8202469D-02 -0.1269902D-01
dE/dy  0.2020880D-02  0.2035959D-01  0.1989599D-01  0.6811181D-01 -0.1049092D+00
dE/dz  0.1503812D-01  0.1436439D-01 -0.9234506D-02  0.9987603D-02 -0.2163289D-01
 
 resulting FORCE  (fx,fy,fz) = (-.717D-05,-.851D-05,0.103D-04)
 resulting MOMENT (mx,my,mz) = (0.460D-03,-.497D-03,0.391D-04)


 exx =      -0.535583 eyy =      -0.417280 ezz =      -0.192844
 eyz =       0.336520 exz =       0.148464 exy =      -0.556070


 **********************************************************************
  |maximum component of gradient| : 0.10490922      (atom 60 c )       
   gradient norm                  : 0.34347626    
 **********************************************************************

 <getgrd> : data group $grad  is missing 

   ***  cartesian gradients written onto <gradient>  ***


     --- calculation of the energy gradient finished ---



    ------------------------------------------------------------------------
         total  cpu-time : 42 minutes and 13 seconds
         total wall-time :  2 minutes and 27 seconds
    ------------------------------------------------------------------------

   ****  rdgrad : all done  ****


    2024-05-17 13:39:57.310 

